 
 
 
 =========== RUN OF RADICAL ===========
 Action       : spectrum/image
 Starting Date: 03-08-2009
          Time: 15:47:09.046
 ......................................
       COMPILATION OF CODE:            
 Dimension = 2              (RADGRID_TWODIM)
 Include lines              (INCLUDE_LINES)
 Include dust continuum     (INCLUDE_DUST)
 Transfer: MESC             (ESC_MINIMAL_EXTENSION)
 Long char: refined         (LONGCHAR_EXTRA_POINTS)
 Compact ESC arrays         (SHORCHAR_COMPACT_ARRAYS)
    Fraction of long ESC:   9.9999998E-03
 Mirror in Theta : yes      (MIRROR_THETA)
 Mirror in phi : yes        (MIRROR_PHI)
 Interpol                   (INTERPOL_PHI_3)
 Interpol                   (INTERPOL_THETA_3)
 Interpol                   (INTERPOL_SRC_1)
 Interpol                   (INTERPOL_FREQ_1)
 Quadrature                 (SRCQDR_PNT_2)
 ALI                        (ALI_PNT_2)
 
 FRSIZE_X       =          210
 FRSIZE_Y       =          420
 FRSIZE_FREQ    =          401
 FRSIZE_MU      =           43
 FRSIZE_PHI     =           16
 FRSIZE_CHAR    =           24
 FRSIZE_INF_PHI =          400
 FRSIZE_INF_R   =         1780
 FRSIZE_INF_X   =          120
 FRSIZE_INF_Y   =          120
 
 SZ_LINEPROFILE       =          401
 SZ_LINEPROFILE_SMALL =           40
 SZ_NLINES            =           20
 SZ_NLEVELS           =           50
 SZ_NCOLTRANS         =           30
 SZ_NCTTEMP           =           10
 
 DUST_SPECIES_MAX     =            2
 DUST_SIZE_MAX        =            1
 DUST_TRANGE_MAX      =            1
 DUST_TEMP_MIN        =   2.000000000000000E-002
 DUST_TEMP_MAX        =    3000.00000000000     
 DUST_TEMP_ACCUR      =   1.000000000000000E-002
 DUST ALI             : disabled
 
 ......................................
           SETUP OF PROBLEM:           
 metric             = S
 frsize radius      =          120
 frsize theta       =          400
 nr mu              =           41
 nr phi             =           16
 mu-grid type       =            2
 mu-grid allow err  =   0.100000000000000     
 mu-grid coarseness =    1.00000000000000     
 mu-grid extra mu=0 =            3
 bound cond inner   =            2
 bound cond outer   =            0
 telescope nphi     =          150
 telescope dbdr     =            1
 telescope extra b  =          -80
 isave physvar      =            1
 isave scatnonlte   =            1
 isave intensity    =            0
 isave source       =           -1
 isave meanint      =            0
 isave dusttemp     =           -1
 isave levpop       =           -1
 isave electemp     =           -1
 ......................................
             SOME REMARKS:             
     Max |mu|       :   0.980912842771901        --> Error = 
  9.635536110408793E-003
     Min |mu|       :   0.107560252186112     
 Nr of short SC     :            0
 Nr of extended SC  :            0
 Frac extended SC   :  Infinity      
 Greatest DR/R      :   -1.00000000000000     
 Nr of R-refine     :           -1
 
 
 
 
 =========== RUN OF RADICAL ===========
 Action       : spectrum/image
 Starting Date: 03-08-2009
          Time: 18:16:18.160
 ......................................
       COMPILATION OF CODE:            
 Dimension = 2              (RADGRID_TWODIM)
 Include lines              (INCLUDE_LINES)
 Include dust continuum     (INCLUDE_DUST)
 Transfer: MESC             (ESC_MINIMAL_EXTENSION)
 Long char: refined         (LONGCHAR_EXTRA_POINTS)
 Compact ESC arrays         (SHORCHAR_COMPACT_ARRAYS)
    Fraction of long ESC:   9.9999998E-03
 Mirror in Theta : yes      (MIRROR_THETA)
 Mirror in phi : yes        (MIRROR_PHI)
 Interpol                   (INTERPOL_PHI_3)
 Interpol                   (INTERPOL_THETA_3)
 Interpol                   (INTERPOL_SRC_1)
 Interpol                   (INTERPOL_FREQ_1)
 Quadrature                 (SRCQDR_PNT_2)
 ALI                        (ALI_PNT_2)
 
 FRSIZE_X       =          210
 FRSIZE_Y       =          420
 FRSIZE_FREQ    =          401
 FRSIZE_MU      =           43
 FRSIZE_PHI     =           16
 FRSIZE_CHAR    =           24
 FRSIZE_INF_PHI =          400
 FRSIZE_INF_R   =         1780
 FRSIZE_INF_X   =          120
 FRSIZE_INF_Y   =          120
 
 SZ_LINEPROFILE       =          401
 SZ_LINEPROFILE_SMALL =           40
 SZ_NLINES            =           20
 SZ_NLEVELS           =           50
 SZ_NCOLTRANS         =           30
 SZ_NCTTEMP           =           10
 
 DUST_SPECIES_MAX     =            2
 DUST_SIZE_MAX        =            1
 DUST_TRANGE_MAX      =            1
 DUST_TEMP_MIN        =   2.000000000000000E-002
 DUST_TEMP_MAX        =    3000.00000000000     
 DUST_TEMP_ACCUR      =   1.000000000000000E-002
 DUST ALI             : disabled
 
 ......................................
           SETUP OF PROBLEM:           
 metric             = S
 frsize radius      =          120
 frsize theta       =          400
 nr mu              =           41
 nr phi             =           16
 mu-grid type       =            2
 mu-grid allow err  =   0.100000000000000     
 mu-grid coarseness =    1.00000000000000     
 mu-grid extra mu=0 =            3
 bound cond inner   =            2
 bound cond outer   =            0
 telescope nphi     =          150
 telescope dbdr     =            1
 telescope extra b  =          -80
 isave physvar      =            1
 isave scatnonlte   =            1
 isave intensity    =            0
 isave source       =           -1
 isave meanint      =            0
 isave dusttemp     =           -1
 isave levpop       =           -1
 isave electemp     =           -1
 ......................................
             SOME REMARKS:             
     Max |mu|       :   0.980912842771901        --> Error = 
  9.635536110408793E-003
     Min |mu|       :   0.107560252186112     
 Nr of short SC     :            0
 Nr of extended SC  :            0
 Frac extended SC   :  Infinity      
 Greatest DR/R      :   -1.00000000000000     
 Nr of R-refine     :           -1
 
 ......................................
 Warnings:
  <none>
 ......................................
 Finishing Date: 03-08-2009
           Time: 18:18:17.361
 ========= END OF RUN RADLITE =========
 
 
 
 =========== RUN OF RADICAL ===========
 Action       : spectrum/image
 Starting Date: 03-08-2009
          Time: 18:29:24.580
 ......................................
       COMPILATION OF CODE:            
 Dimension = 2              (RADGRID_TWODIM)
 Include lines              (INCLUDE_LINES)
 Include dust continuum     (INCLUDE_DUST)
 Transfer: MESC             (ESC_MINIMAL_EXTENSION)
 Long char: refined         (LONGCHAR_EXTRA_POINTS)
 Compact ESC arrays         (SHORCHAR_COMPACT_ARRAYS)
    Fraction of long ESC:   9.9999998E-03
 Mirror in Theta : yes      (MIRROR_THETA)
 Mirror in phi : yes        (MIRROR_PHI)
 Interpol                   (INTERPOL_PHI_3)
 Interpol                   (INTERPOL_THETA_3)
 Interpol                   (INTERPOL_SRC_1)
 Interpol                   (INTERPOL_FREQ_1)
 Quadrature                 (SRCQDR_PNT_2)
 ALI                        (ALI_PNT_2)
 
 FRSIZE_X       =          210
 FRSIZE_Y       =          420
 FRSIZE_FREQ    =          401
 FRSIZE_MU      =           43
 FRSIZE_PHI     =           16
 FRSIZE_CHAR    =           24
 FRSIZE_INF_PHI =          400
 FRSIZE_INF_R   =         1780
 FRSIZE_INF_X   =          120
 FRSIZE_INF_Y   =          120
 
 SZ_LINEPROFILE       =          401
 SZ_LINEPROFILE_SMALL =           40
 SZ_NLINES            =           20
 SZ_NLEVELS           =           50
 SZ_NCOLTRANS         =           30
 SZ_NCTTEMP           =           10
 
 DUST_SPECIES_MAX     =            2
 DUST_SIZE_MAX        =            1
 DUST_TRANGE_MAX      =            1
 DUST_TEMP_MIN        =   2.000000000000000E-002
 DUST_TEMP_MAX        =    3000.00000000000     
 DUST_TEMP_ACCUR      =   1.000000000000000E-002
 DUST ALI             : disabled
 
 ......................................
           SETUP OF PROBLEM:           
 metric             = S
 frsize radius      =          120
 frsize theta       =          400
 nr mu              =           41
 nr phi             =           16
 mu-grid type       =            2
 mu-grid allow err  =   0.100000000000000     
 mu-grid coarseness =    1.00000000000000     
 mu-grid extra mu=0 =            3
 bound cond inner   =            2
 bound cond outer   =            0
 telescope nphi     =          150
 telescope dbdr     =            1
 telescope extra b  =          -80
 isave physvar      =            1
 isave scatnonlte   =            1
 isave intensity    =            0
 isave source       =           -1
 isave meanint      =            0
 isave dusttemp     =           -1
 isave levpop       =           -1
 isave electemp     =           -1
 ......................................
             SOME REMARKS:             
     Max |mu|       :   0.980912842771901        --> Error = 
  9.635536110408793E-003
     Min |mu|       :   0.107560252186112     
 Nr of short SC     :            0
 Nr of extended SC  :            0
 Frac extended SC   :  Infinity      
 Greatest DR/R      :   -1.00000000000000     
 Nr of R-refine     :           -1
 
 ......................................
 Warnings:
  <none>
 ......................................
 Finishing Date: 03-08-2009
           Time: 18:30:28.864
 ========= END OF RUN RADLITE =========
 
 
 
 =========== RUN OF RADICAL ===========
 Action       : spectrum/image
 Starting Date: 03-08-2009
          Time: 18:43:13.988
 ......................................
       COMPILATION OF CODE:            
 Dimension = 2              (RADGRID_TWODIM)
 Include lines              (INCLUDE_LINES)
 Include dust continuum     (INCLUDE_DUST)
 Transfer: MESC             (ESC_MINIMAL_EXTENSION)
 Long char: refined         (LONGCHAR_EXTRA_POINTS)
 Compact ESC arrays         (SHORCHAR_COMPACT_ARRAYS)
    Fraction of long ESC:   9.9999998E-03
 Mirror in Theta : yes      (MIRROR_THETA)
 Mirror in phi : yes        (MIRROR_PHI)
 Interpol                   (INTERPOL_PHI_3)
 Interpol                   (INTERPOL_THETA_3)
 Interpol                   (INTERPOL_SRC_1)
 Interpol                   (INTERPOL_FREQ_1)
 Quadrature                 (SRCQDR_PNT_2)
 ALI                        (ALI_PNT_2)
 
 FRSIZE_X       =          210
 FRSIZE_Y       =          420
 FRSIZE_FREQ    =          401
 FRSIZE_MU      =           43
 FRSIZE_PHI     =           16
 FRSIZE_CHAR    =           24
 FRSIZE_INF_PHI =          400
 FRSIZE_INF_R   =         1780
 FRSIZE_INF_X   =          120
 FRSIZE_INF_Y   =          120
 
 SZ_LINEPROFILE       =          401
 SZ_LINEPROFILE_SMALL =           40
 SZ_NLINES            =           20
 SZ_NLEVELS           =           50
 SZ_NCOLTRANS         =           30
 SZ_NCTTEMP           =           10
 
 DUST_SPECIES_MAX     =            2
 DUST_SIZE_MAX        =            1
 DUST_TRANGE_MAX      =            1
 DUST_TEMP_MIN        =   2.000000000000000E-002
 DUST_TEMP_MAX        =    3000.00000000000     
 DUST_TEMP_ACCUR      =   1.000000000000000E-002
 DUST ALI             : disabled
 
 ......................................
           SETUP OF PROBLEM:           
 metric             = S
 frsize radius      =          120
 frsize theta       =          400
 nr mu              =           41
 nr phi             =           16
 mu-grid type       =            2
 mu-grid allow err  =   0.100000000000000     
 mu-grid coarseness =    1.00000000000000     
 mu-grid extra mu=0 =            3
 bound cond inner   =            2
 bound cond outer   =            0
 telescope nphi     =          150
 telescope dbdr     =            1
 telescope extra b  =          -80
 isave physvar      =            1
 isave scatnonlte   =            1
 isave intensity    =            0
 isave source       =           -1
 isave meanint      =            0
 isave dusttemp     =           -1
 isave levpop       =           -1
 isave electemp     =           -1
 ......................................
             SOME REMARKS:             
     Max |mu|       :   0.980912842771901        --> Error = 
  9.635536110408793E-003
     Min |mu|       :   0.107560252186112     
 Nr of short SC     :            0
 Nr of extended SC  :            0
 Frac extended SC   :  Infinity      
 Greatest DR/R      :   -1.00000000000000     
 Nr of R-refine     :           -1
 
 ......................................
 Warnings:
  <none>
 ......................................
 Finishing Date: 03-08-2009
           Time: 18:44:12.535
 ========= END OF RUN RADLITE =========
 
 
 
 =========== RUN OF RADICAL ===========
 Action       : spectrum/image
 Starting Date: 03-08-2009
          Time: 18:46:17.033
 ......................................
       COMPILATION OF CODE:            
 Dimension = 2              (RADGRID_TWODIM)
 Include lines              (INCLUDE_LINES)
 Include dust continuum     (INCLUDE_DUST)
 Transfer: MESC             (ESC_MINIMAL_EXTENSION)
 Long char: refined         (LONGCHAR_EXTRA_POINTS)
 Compact ESC arrays         (SHORCHAR_COMPACT_ARRAYS)
    Fraction of long ESC:   9.9999998E-03
 Mirror in Theta : yes      (MIRROR_THETA)
 Mirror in phi : yes        (MIRROR_PHI)
 Interpol                   (INTERPOL_PHI_3)
 Interpol                   (INTERPOL_THETA_3)
 Interpol                   (INTERPOL_SRC_1)
 Interpol                   (INTERPOL_FREQ_1)
 Quadrature                 (SRCQDR_PNT_2)
 ALI                        (ALI_PNT_2)
 
 FRSIZE_X       =          210
 FRSIZE_Y       =          420
 FRSIZE_FREQ    =          401
 FRSIZE_MU      =           43
 FRSIZE_PHI     =           16
 FRSIZE_CHAR    =           24
 FRSIZE_INF_PHI =          400
 FRSIZE_INF_R   =         1780
 FRSIZE_INF_X   =          120
 FRSIZE_INF_Y   =          120
 
 SZ_LINEPROFILE       =          401
 SZ_LINEPROFILE_SMALL =           40
 SZ_NLINES            =           20
 SZ_NLEVELS           =           50
 SZ_NCOLTRANS         =           30
 SZ_NCTTEMP           =           10
 
 DUST_SPECIES_MAX     =            2
 DUST_SIZE_MAX        =            1
 DUST_TRANGE_MAX      =            1
 DUST_TEMP_MIN        =   2.000000000000000E-002
 DUST_TEMP_MAX        =    3000.00000000000     
 DUST_TEMP_ACCUR      =   1.000000000000000E-002
 DUST ALI             : disabled
 
 ......................................
           SETUP OF PROBLEM:           
 metric             = S
 frsize radius      =          120
 frsize theta       =          400
 nr mu              =           41
 nr phi             =           16
 mu-grid type       =            2
 mu-grid allow err  =   0.100000000000000     
 mu-grid coarseness =    1.00000000000000     
 mu-grid extra mu=0 =            3
 bound cond inner   =            2
 bound cond outer   =            0
 telescope nphi     =          150
 telescope dbdr     =            1
 telescope extra b  =          -80
 isave physvar      =            1
 isave scatnonlte   =            1
 isave intensity    =            0
 isave source       =           -1
 isave meanint      =            0
 isave dusttemp     =           -1
 isave levpop       =           -1
 isave electemp     =           -1
 ......................................
             SOME REMARKS:             
     Max |mu|       :   0.980912842771901        --> Error = 
  9.635536110408793E-003
     Min |mu|       :   0.107560252186112     
 Nr of short SC     :            0
 Nr of extended SC  :            0
 Frac extended SC   :  Infinity      
 Greatest DR/R      :   -1.00000000000000     
 Nr of R-refine     :           -1
 
 ......................................
 Warnings:
  <none>
 ......................................
 Finishing Date: 03-08-2009
           Time: 18:47:11.196
 ========= END OF RUN RADLITE =========
 
 
 
 =========== RUN OF RADICAL ===========
 Action       : spectrum/image
 Starting Date: 04-08-2009
          Time: 11:15:02.165
 ......................................
       COMPILATION OF CODE:            
 Dimension = 2              (RADGRID_TWODIM)
 Include lines              (INCLUDE_LINES)
 Include dust continuum     (INCLUDE_DUST)
 Transfer: MESC             (ESC_MINIMAL_EXTENSION)
 Long char: refined         (LONGCHAR_EXTRA_POINTS)
 Compact ESC arrays         (SHORCHAR_COMPACT_ARRAYS)
    Fraction of long ESC:   9.9999998E-03
 Mirror in Theta : yes      (MIRROR_THETA)
 Mirror in phi : yes        (MIRROR_PHI)
 Interpol                   (INTERPOL_PHI_3)
 Interpol                   (INTERPOL_THETA_3)
 Interpol                   (INTERPOL_SRC_1)
 Interpol                   (INTERPOL_FREQ_1)
 Quadrature                 (SRCQDR_PNT_2)
 ALI                        (ALI_PNT_2)
 
 FRSIZE_X       =          210
 FRSIZE_Y       =          420
 FRSIZE_FREQ    =          401
 FRSIZE_MU      =           43
 FRSIZE_PHI     =           16
 FRSIZE_CHAR    =           24
 FRSIZE_INF_PHI =          400
 FRSIZE_INF_R   =         1780
 FRSIZE_INF_X   =          120
 FRSIZE_INF_Y   =          120
 
 SZ_LINEPROFILE       =          401
 SZ_LINEPROFILE_SMALL =           40
 SZ_NLINES            =           20
 SZ_NLEVELS           =           50
 SZ_NCOLTRANS         =           30
 SZ_NCTTEMP           =           10
 
 DUST_SPECIES_MAX     =            2
 DUST_SIZE_MAX        =            1
 DUST_TRANGE_MAX      =            1
 DUST_TEMP_MIN        =   2.000000000000000E-002
 DUST_TEMP_MAX        =    3000.00000000000     
 DUST_TEMP_ACCUR      =   1.000000000000000E-002
 DUST ALI             : disabled
 
 ......................................
           SETUP OF PROBLEM:           
 metric             = S
 frsize radius      =          120
 frsize theta       =          400
 nr mu              =           41
 nr phi             =           16
 mu-grid type       =            2
 mu-grid allow err  =   0.100000000000000     
 mu-grid coarseness =    1.00000000000000     
 mu-grid extra mu=0 =            3
 bound cond inner   =            2
 bound cond outer   =            0
 telescope nphi     =          150
 telescope dbdr     =            1
 telescope extra b  =          -80
 isave physvar      =            1
 isave scatnonlte   =            1
 isave intensity    =            0
 isave source       =           -1
 isave meanint      =            0
 isave dusttemp     =           -1
 isave levpop       =           -1
 isave electemp     =           -1
 ......................................
             SOME REMARKS:             
     Max |mu|       :   0.980912842771901        --> Error = 
  9.635536110408793E-003
     Min |mu|       :   0.107560252186112     
 Nr of short SC     :            0
 Nr of extended SC  :            0
 Frac extended SC   :  Infinity      
 Greatest DR/R      :   -1.00000000000000     
 Nr of R-refine     :           -1
 
 
 
 
 =========== RUN OF RADICAL ===========
 Action       : spectrum/image
 Starting Date: 04-08-2009
          Time: 11:19:29.174
 ......................................
       COMPILATION OF CODE:            
 Dimension = 2              (RADGRID_TWODIM)
 Include lines              (INCLUDE_LINES)
 Include dust continuum     (INCLUDE_DUST)
 Transfer: MESC             (ESC_MINIMAL_EXTENSION)
 Long char: refined         (LONGCHAR_EXTRA_POINTS)
 Compact ESC arrays         (SHORCHAR_COMPACT_ARRAYS)
    Fraction of long ESC:   9.9999998E-03
 Mirror in Theta : yes      (MIRROR_THETA)
 Mirror in phi : yes        (MIRROR_PHI)
 Interpol                   (INTERPOL_PHI_3)
 Interpol                   (INTERPOL_THETA_3)
 Interpol                   (INTERPOL_SRC_1)
 Interpol                   (INTERPOL_FREQ_1)
 Quadrature                 (SRCQDR_PNT_2)
 ALI                        (ALI_PNT_2)
 
 FRSIZE_X       =          210
 FRSIZE_Y       =          420
 FRSIZE_FREQ    =          401
 FRSIZE_MU      =           43
 FRSIZE_PHI     =           16
 FRSIZE_CHAR    =           24
 FRSIZE_INF_PHI =          400
 FRSIZE_INF_R   =         1780
 FRSIZE_INF_X   =          120
 FRSIZE_INF_Y   =          120
 
 SZ_LINEPROFILE       =          401
 SZ_LINEPROFILE_SMALL =           40
 SZ_NLINES            =           20
 SZ_NLEVELS           =           50
 SZ_NCOLTRANS         =           30
 SZ_NCTTEMP           =           10
 
 DUST_SPECIES_MAX     =            2
 DUST_SIZE_MAX        =            1
 DUST_TRANGE_MAX      =            1
 DUST_TEMP_MIN        =   2.000000000000000E-002
 DUST_TEMP_MAX        =    3000.00000000000     
 DUST_TEMP_ACCUR      =   1.000000000000000E-002
 DUST ALI             : disabled
 
 ......................................
           SETUP OF PROBLEM:           
 metric             = S
 frsize radius      =          120
 frsize theta       =          400
 nr mu              =           41
 nr phi             =           16
 mu-grid type       =            2
 mu-grid allow err  =   0.100000000000000     
 mu-grid coarseness =    1.00000000000000     
 mu-grid extra mu=0 =            3
 bound cond inner   =            2
 bound cond outer   =            0
 telescope nphi     =          150
 telescope dbdr     =            1
 telescope extra b  =          -80
 isave physvar      =            1
 isave scatnonlte   =            1
 isave intensity    =            0
 isave source       =           -1
 isave meanint      =            0
 isave dusttemp     =           -1
 isave levpop       =           -1
 isave electemp     =           -1
 ......................................
             SOME REMARKS:             
     Max |mu|       :   0.980912842771901        --> Error = 
  9.635536110408793E-003
     Min |mu|       :   0.107560252186112     
 Nr of short SC     :            0
 Nr of extended SC  :            0
 Frac extended SC   :  Infinity      
 Greatest DR/R      :   -1.00000000000000     
 Nr of R-refine     :           -1
 
 ......................................
 Warnings:
  <none>
 ......................................
 Finishing Date: 04-08-2009
           Time: 11:20:22.397
 ========= END OF RUN RADLITE =========
 
 
 
 =========== RUN OF RADICAL ===========
 Action       : spectrum/image
 Starting Date: 04-08-2009
          Time: 11:38:23.510
 ......................................
       COMPILATION OF CODE:            
 Dimension = 2              (RADGRID_TWODIM)
 Include lines              (INCLUDE_LINES)
 Include dust continuum     (INCLUDE_DUST)
 Transfer: MESC             (ESC_MINIMAL_EXTENSION)
 Long char: refined         (LONGCHAR_EXTRA_POINTS)
 Compact ESC arrays         (SHORCHAR_COMPACT_ARRAYS)
    Fraction of long ESC:   9.9999998E-03
 Mirror in Theta : yes      (MIRROR_THETA)
 Mirror in phi : yes        (MIRROR_PHI)
 Interpol                   (INTERPOL_PHI_3)
 Interpol                   (INTERPOL_THETA_3)
 Interpol                   (INTERPOL_SRC_1)
 Interpol                   (INTERPOL_FREQ_1)
 Quadrature                 (SRCQDR_PNT_2)
 ALI                        (ALI_PNT_2)
 
 FRSIZE_X       =          210
 FRSIZE_Y       =          420
 FRSIZE_FREQ    =          401
 FRSIZE_MU      =           43
 FRSIZE_PHI     =           16
 FRSIZE_CHAR    =           24
 FRSIZE_INF_PHI =          400
 FRSIZE_INF_R   =         1780
 FRSIZE_INF_X   =          120
 FRSIZE_INF_Y   =          120
 
 SZ_LINEPROFILE       =          401
 SZ_LINEPROFILE_SMALL =           40
 SZ_NLINES            =           20
 SZ_NLEVELS           =           50
 SZ_NCOLTRANS         =           30
 SZ_NCTTEMP           =           10
 
 DUST_SPECIES_MAX     =            2
 DUST_SIZE_MAX        =            1
 DUST_TRANGE_MAX      =            1
 DUST_TEMP_MIN        =   2.000000000000000E-002
 DUST_TEMP_MAX        =    3000.00000000000     
 DUST_TEMP_ACCUR      =   1.000000000000000E-002
 DUST ALI             : disabled
 
 ......................................
           SETUP OF PROBLEM:           
 metric             = S
 frsize radius      =          120
 frsize theta       =          400
 nr mu              =           41
 nr phi             =           16
 mu-grid type       =            2
 mu-grid allow err  =   0.100000000000000     
 mu-grid coarseness =    1.00000000000000     
 mu-grid extra mu=0 =            3
 bound cond inner   =            2
 bound cond outer   =            0
 telescope nphi     =          300
 telescope dbdr     =            1
 telescope extra b  =          -80
 isave physvar      =            1
 isave scatnonlte   =            1
 isave intensity    =            0
 isave source       =           -1
 isave meanint      =            0
 isave dusttemp     =           -1
 isave levpop       =           -1
 isave electemp     =           -1
 ......................................
             SOME REMARKS:             
     Max |mu|       :   0.980912842771901        --> Error = 
  9.635536110408793E-003
     Min |mu|       :   0.107560252186112     
 Nr of short SC     :            0
 Nr of extended SC  :            0
 Frac extended SC   :  Infinity      
 Greatest DR/R      :   -1.00000000000000     
 Nr of R-refine     :           -1
 
 ......................................
 Warnings:
  <none>
 ......................................
 Finishing Date: 04-08-2009
           Time: 11:39:01.911
 ========= END OF RUN RADLITE =========
 
 
 
 =========== RUN OF RADICAL ===========
 Action       : spectrum/image
 Starting Date: 04-08-2009
          Time: 12:16:54.009
 ......................................
       COMPILATION OF CODE:            
 Dimension = 2              (RADGRID_TWODIM)
 Include lines              (INCLUDE_LINES)
 Include dust continuum     (INCLUDE_DUST)
 Transfer: MESC             (ESC_MINIMAL_EXTENSION)
 Long char: refined         (LONGCHAR_EXTRA_POINTS)
 Compact ESC arrays         (SHORCHAR_COMPACT_ARRAYS)
    Fraction of long ESC:   9.9999998E-03
 Mirror in Theta : yes      (MIRROR_THETA)
 Mirror in phi : yes        (MIRROR_PHI)
 Interpol                   (INTERPOL_PHI_3)
 Interpol                   (INTERPOL_THETA_3)
 Interpol                   (INTERPOL_SRC_1)
 Interpol                   (INTERPOL_FREQ_1)
 Quadrature                 (SRCQDR_PNT_2)
 ALI                        (ALI_PNT_2)
 
 FRSIZE_X       =          210
 FRSIZE_Y       =          420
 FRSIZE_FREQ    =          401
 FRSIZE_MU      =           43
 FRSIZE_PHI     =           16
 FRSIZE_CHAR    =           24
 FRSIZE_INF_PHI =          400
 FRSIZE_INF_R   =         1780
 FRSIZE_INF_X   =          120
 FRSIZE_INF_Y   =          120
 
 SZ_LINEPROFILE       =          401
 SZ_LINEPROFILE_SMALL =           40
 SZ_NLINES            =           20
 SZ_NLEVELS           =           50
 SZ_NCOLTRANS         =           30
 SZ_NCTTEMP           =           10
 
 DUST_SPECIES_MAX     =            2
 DUST_SIZE_MAX        =            1
 DUST_TRANGE_MAX      =            1
 DUST_TEMP_MIN        =   2.000000000000000E-002
 DUST_TEMP_MAX        =    3000.00000000000     
 DUST_TEMP_ACCUR      =   1.000000000000000E-002
 DUST ALI             : disabled
 
 ......................................
           SETUP OF PROBLEM:           
 metric             = S
 frsize radius      =          120
 frsize theta       =          400
 nr mu              =           41
 nr phi             =           16
 mu-grid type       =            2
 mu-grid allow err  =   0.100000000000000     
 mu-grid coarseness =    1.00000000000000     
 mu-grid extra mu=0 =            3
 bound cond inner   =            2
 bound cond outer   =            0
 telescope nphi     =          300
 telescope dbdr     =            1
 telescope extra b  =          -80
 isave physvar      =            1
 isave scatnonlte   =            1
 isave intensity    =            0
 isave source       =           -1
 isave meanint      =            0
 isave dusttemp     =           -1
 isave levpop       =           -1
 isave electemp     =           -1
 ......................................
             SOME REMARKS:             
     Max |mu|       :   0.980912842771901        --> Error = 
  9.635536110408793E-003
     Min |mu|       :   0.107560252186112     
 Nr of short SC     :            0
 Nr of extended SC  :            0
 Frac extended SC   :  Infinity      
 Greatest DR/R      :   -1.00000000000000     
 Nr of R-refine     :           -1
 
 ......................................
 Warnings:
  <none>
 ......................................
 Finishing Date: 04-08-2009
           Time: 12:17:33.896
 ========= END OF RUN RADLITE =========
 
 
 
 =========== RUN OF RADICAL ===========
 Action       : spectrum/image
 Starting Date: 04-08-2009
          Time: 12:19:12.023
 ......................................
       COMPILATION OF CODE:            
 Dimension = 2              (RADGRID_TWODIM)
 Include lines              (INCLUDE_LINES)
 Include dust continuum     (INCLUDE_DUST)
 Transfer: MESC             (ESC_MINIMAL_EXTENSION)
 Long char: refined         (LONGCHAR_EXTRA_POINTS)
 Compact ESC arrays         (SHORCHAR_COMPACT_ARRAYS)
    Fraction of long ESC:   9.9999998E-03
 Mirror in Theta : yes      (MIRROR_THETA)
 Mirror in phi : yes        (MIRROR_PHI)
 Interpol                   (INTERPOL_PHI_3)
 Interpol                   (INTERPOL_THETA_3)
 Interpol                   (INTERPOL_SRC_1)
 Interpol                   (INTERPOL_FREQ_1)
 Quadrature                 (SRCQDR_PNT_2)
 ALI                        (ALI_PNT_2)
 
 FRSIZE_X       =          210
 FRSIZE_Y       =          420
 FRSIZE_FREQ    =          401
 FRSIZE_MU      =           43
 FRSIZE_PHI     =           16
 FRSIZE_CHAR    =           24
 FRSIZE_INF_PHI =          400
 FRSIZE_INF_R   =         1780
 FRSIZE_INF_X   =          120
 FRSIZE_INF_Y   =          120
 
 SZ_LINEPROFILE       =          401
 SZ_LINEPROFILE_SMALL =           40
 SZ_NLINES            =           20
 SZ_NLEVELS           =           50
 SZ_NCOLTRANS         =           30
 SZ_NCTTEMP           =           10
 
 DUST_SPECIES_MAX     =            2
 DUST_SIZE_MAX        =            1
 DUST_TRANGE_MAX      =            1
 DUST_TEMP_MIN        =   2.000000000000000E-002
 DUST_TEMP_MAX        =    3000.00000000000     
 DUST_TEMP_ACCUR      =   1.000000000000000E-002
 DUST ALI             : disabled
 
 ......................................
           SETUP OF PROBLEM:           
 metric             = S
 frsize radius      =          120
 frsize theta       =          400
 nr mu              =           41
 nr phi             =           16
 mu-grid type       =            2
 mu-grid allow err  =   0.100000000000000     
 mu-grid coarseness =    1.00000000000000     
 mu-grid extra mu=0 =            3
 bound cond inner   =            2
 bound cond outer   =            0
 telescope nphi     =          300
 telescope dbdr     =            1
 telescope extra b  =          -80
 isave physvar      =            1
 isave scatnonlte   =            1
 isave intensity    =            0
 isave source       =           -1
 isave meanint      =            0
 isave dusttemp     =           -1
 isave levpop       =           -1
 isave electemp     =           -1
 ......................................
             SOME REMARKS:             
     Max |mu|       :   0.980912842771901        --> Error = 
  9.635536110408793E-003
     Min |mu|       :   0.107560252186112     
 Nr of short SC     :            0
 Nr of extended SC  :            0
 Frac extended SC   :  Infinity      
 Greatest DR/R      :   -1.00000000000000     
 Nr of R-refine     :           -1
 
 ......................................
 Warnings:
  <none>
 ......................................
 Finishing Date: 04-08-2009
           Time: 12:19:51.827
 ========= END OF RUN RADLITE =========
 
 
 
 =========== RUN OF RADICAL ===========
 Action       : spectrum/image
 Starting Date: 04-08-2009
          Time: 12:25:55.193
 ......................................
       COMPILATION OF CODE:            
 Dimension = 2              (RADGRID_TWODIM)
 Include lines              (INCLUDE_LINES)
 Include dust continuum     (INCLUDE_DUST)
 Transfer: MESC             (ESC_MINIMAL_EXTENSION)
 Long char: refined         (LONGCHAR_EXTRA_POINTS)
 Compact ESC arrays         (SHORCHAR_COMPACT_ARRAYS)
    Fraction of long ESC:   9.9999998E-03
 Mirror in Theta : yes      (MIRROR_THETA)
 Mirror in phi : yes        (MIRROR_PHI)
 Interpol                   (INTERPOL_PHI_3)
 Interpol                   (INTERPOL_THETA_3)
 Interpol                   (INTERPOL_SRC_1)
 Interpol                   (INTERPOL_FREQ_1)
 Quadrature                 (SRCQDR_PNT_2)
 ALI                        (ALI_PNT_2)
 
 FRSIZE_X       =          210
 FRSIZE_Y       =          420
 FRSIZE_FREQ    =          401
 FRSIZE_MU      =           43
 FRSIZE_PHI     =           16
 FRSIZE_CHAR    =           24
 FRSIZE_INF_PHI =          400
 FRSIZE_INF_R   =         1780
 FRSIZE_INF_X   =          120
 FRSIZE_INF_Y   =          120
 
 SZ_LINEPROFILE       =          401
 SZ_LINEPROFILE_SMALL =           40
 SZ_NLINES            =           20
 SZ_NLEVELS           =           50
 SZ_NCOLTRANS         =           30
 SZ_NCTTEMP           =           10
 
 DUST_SPECIES_MAX     =            2
 DUST_SIZE_MAX        =            1
 DUST_TRANGE_MAX      =            1
 DUST_TEMP_MIN        =   2.000000000000000E-002
 DUST_TEMP_MAX        =    3000.00000000000     
 DUST_TEMP_ACCUR      =   1.000000000000000E-002
 DUST ALI             : disabled
 
 ......................................
           SETUP OF PROBLEM:           
 metric             = S
 frsize radius      =          120
 frsize theta       =          400
 nr mu              =           41
 nr phi             =           16
 mu-grid type       =            2
 mu-grid allow err  =   0.100000000000000     
 mu-grid coarseness =    1.00000000000000     
 mu-grid extra mu=0 =            3
 bound cond inner   =            2
 bound cond outer   =            0
 telescope nphi     =          300
 telescope dbdr     =            1
 telescope extra b  =          -80
 isave physvar      =            1
 isave scatnonlte   =            1
 isave intensity    =            0
 isave source       =           -1
 isave meanint      =            0
 isave dusttemp     =           -1
 isave levpop       =           -1
 isave electemp     =           -1
 ......................................
             SOME REMARKS:             
     Max |mu|       :   0.980912842771901        --> Error = 
  9.635536110408793E-003
     Min |mu|       :   0.107560252186112     
 Nr of short SC     :            0
 Nr of extended SC  :            0
 Frac extended SC   :  Infinity      
 Greatest DR/R      :   -1.00000000000000     
 Nr of R-refine     :           -1
 
 ......................................
 Warnings:
  <none>
 ......................................
 Finishing Date: 04-08-2009
           Time: 12:26:35.518
 ========= END OF RUN RADLITE =========
 
 
 
 =========== RUN OF RADICAL ===========
 Action       : spectrum/image
 ......................................
       COMPILATION OF CODE:            
 Dimension = 2              (RADGRID_TWODIM)
 Include lines              (INCLUDE_LINES)
 Include dust continuum     (INCLUDE_DUST)
 Transfer: MESC             (ESC_MINIMAL_EXTENSION)
 Long char: refined         (LONGCHAR_EXTRA_POINTS)
 Compact ESC arrays         (SHORCHAR_COMPACT_ARRAYS)
    Fraction of long ESC:   9.9999998E-03
 Mirror in Theta : yes      (MIRROR_THETA)
 Mirror in phi : yes        (MIRROR_PHI)
 Interpol                   (INTERPOL_PHI_3)
 Interpol                   (INTERPOL_THETA_3)
 Interpol                   (INTERPOL_SRC_1)
 Interpol                   (INTERPOL_FREQ_1)
 Quadrature                 (SRCQDR_PNT_2)
 ALI                        (ALI_PNT_2)
 
 FRSIZE_X       =          210
 FRSIZE_Y       =          420
 FRSIZE_FREQ    =          401
 FRSIZE_MU      =           43
 FRSIZE_PHI     =           16
 FRSIZE_CHAR    =           24
 FRSIZE_INF_PHI =          400
 FRSIZE_INF_R   =         1780
 FRSIZE_INF_X   =          120
 FRSIZE_INF_Y   =          120
 
 SZ_LINEPROFILE       =          401
 SZ_LINEPROFILE_SMALL =           40
 SZ_NLINES            =           20
 SZ_NLEVELS           =           50
 SZ_NCOLTRANS         =           30
 SZ_NCTTEMP           =           10
 
 DUST_SPECIES_MAX     =            2
 DUST_SIZE_MAX        =            1
 DUST_TRANGE_MAX      =            1
 DUST_TEMP_MIN        =   2.000000000000000E-002
 DUST_TEMP_MAX        =    3000.00000000000     
 DUST_TEMP_ACCUR      =   1.000000000000000E-002
 DUST ALI             : disabled
 
 ......................................
           SETUP OF PROBLEM:           
 metric             = S
 frsize radius      =          120
 frsize theta       =          400
 nr mu              =           41
 nr phi             =           16
 mu-grid type       =            2
 mu-grid allow err  =   0.100000000000000     
 mu-grid coarseness =    1.00000000000000     
 mu-grid extra mu=0 =            3
 bound cond inner   =            2
 bound cond outer   =            0
 telescope nphi     =          150
 telescope dbdr     =            1
 telescope extra b  =          -60
 isave physvar      =            1
 isave scatnonlte   =            1
 isave intensity    =            0
 isave source       =           -1
 isave meanint      =            0
 isave dusttemp     =           -1
 isave levpop       =           -1
 isave electemp     =           -1
 ......................................
             SOME REMARKS:             
     Max |mu|       :   0.980912842771901        --> Error = 
  9.635536110408793E-003
     Min |mu|       :   0.107560252186112     
 Nr of short SC     :            0
 Nr of extended SC  :            0
 Frac extended SC   :  Infinity      
 Greatest DR/R      :   -1.00000000000000     
 Nr of R-refine     :           -1
 
 ......................................
 Warnings:
  * During Short Characteristic integration     
    there were overshoots in the quadrature.    
    These have been corrected automatically,    
    but they indicate poor grid resolution!     
 ......................................
 ========= END OF RUN RADLITE =========
 
 
 
 =========== RUN OF RADICAL ===========
 Action       : spectrum/image
 ......................................
       COMPILATION OF CODE:            
 Dimension = 2              (RADGRID_TWODIM)
 Include lines              (INCLUDE_LINES)
 Include dust continuum     (INCLUDE_DUST)
 Transfer: MESC             (ESC_MINIMAL_EXTENSION)
 Long char: refined         (LONGCHAR_EXTRA_POINTS)
 Compact ESC arrays         (SHORCHAR_COMPACT_ARRAYS)
    Fraction of long ESC:   9.9999998E-03
 Mirror in Theta : yes      (MIRROR_THETA)
 Mirror in phi : yes        (MIRROR_PHI)
 Interpol                   (INTERPOL_PHI_3)
 Interpol                   (INTERPOL_THETA_3)
 Interpol                   (INTERPOL_SRC_1)
 Interpol                   (INTERPOL_FREQ_1)
 Quadrature                 (SRCQDR_PNT_2)
 ALI                        (ALI_PNT_2)
 
 FRSIZE_X       =          210
 FRSIZE_Y       =          420
 FRSIZE_FREQ    =          401
 FRSIZE_MU      =           43
 FRSIZE_PHI     =           16
 FRSIZE_CHAR    =           24
 FRSIZE_INF_PHI =          400
 FRSIZE_INF_R   =         1780
 FRSIZE_INF_X   =          120
 FRSIZE_INF_Y   =          120
 
 SZ_LINEPROFILE       =          401
 SZ_LINEPROFILE_SMALL =           40
 SZ_NLINES            =           20
 SZ_NLEVELS           =           50
 SZ_NCOLTRANS         =           30
 SZ_NCTTEMP           =           10
 
 DUST_SPECIES_MAX     =            2
 DUST_SIZE_MAX        =            1
 DUST_TRANGE_MAX      =            1
 DUST_TEMP_MIN        =   2.000000000000000E-002
 DUST_TEMP_MAX        =    3000.00000000000     
 DUST_TEMP_ACCUR      =   1.000000000000000E-002
 DUST ALI             : disabled
 
 ......................................
           SETUP OF PROBLEM:           
 metric             = S
 frsize radius      =          120
 frsize theta       =          400
 nr mu              =           41
 nr phi             =           16
 mu-grid type       =            2
 mu-grid allow err  =   0.100000000000000     
 mu-grid coarseness =    1.00000000000000     
 mu-grid extra mu=0 =            3
 bound cond inner   =            2
 bound cond outer   =            0
 telescope nphi     =          150
 telescope dbdr     =            1
 telescope extra b  =          -60
 isave physvar      =            1
 isave scatnonlte   =            1
 isave intensity    =            0
 isave source       =           -1
 isave meanint      =            0
 isave dusttemp     =           -1
 isave levpop       =           -1
 isave electemp     =           -1
 ......................................
             SOME REMARKS:             
     Max |mu|       :   0.980912842771901        --> Error = 
  9.635536110408793E-003
     Min |mu|       :   0.107560252186112     
 Nr of short SC     :            0
 Nr of extended SC  :            0
 Frac extended SC   :  Infinity      
 Greatest DR/R      :   -1.00000000000000     
 Nr of R-refine     :           -1
 
 ......................................
 Warnings:
  * During Short Characteristic integration     
    there were overshoots in the quadrature.    
    These have been corrected automatically,    
    but they indicate poor grid resolution!     
 ......................................
 ========= END OF RUN RADLITE =========
 
 
 
 =========== RUN OF RADICAL ===========
 Action       : spectrum/image
 ......................................
       COMPILATION OF CODE:            
 Dimension = 2              (RADGRID_TWODIM)
 Include lines              (INCLUDE_LINES)
 Include dust continuum     (INCLUDE_DUST)
 Transfer: MESC             (ESC_MINIMAL_EXTENSION)
 Long char: refined         (LONGCHAR_EXTRA_POINTS)
 Compact ESC arrays         (SHORCHAR_COMPACT_ARRAYS)
    Fraction of long ESC:   9.9999998E-03
 Mirror in Theta : yes      (MIRROR_THETA)
 Mirror in phi : yes        (MIRROR_PHI)
 Interpol                   (INTERPOL_PHI_3)
 Interpol                   (INTERPOL_THETA_3)
 Interpol                   (INTERPOL_SRC_1)
 Interpol                   (INTERPOL_FREQ_1)
 Quadrature                 (SRCQDR_PNT_2)
 ALI                        (ALI_PNT_2)
 
 FRSIZE_X       =          210
 FRSIZE_Y       =          420
 FRSIZE_FREQ    =          401
 FRSIZE_MU      =           43
 FRSIZE_PHI     =           16
 FRSIZE_CHAR    =           24
 FRSIZE_INF_PHI =          400
 FRSIZE_INF_R   =         1780
 FRSIZE_INF_X   =          120
 FRSIZE_INF_Y   =          120
 
 SZ_LINEPROFILE       =          401
 SZ_LINEPROFILE_SMALL =           40
 SZ_NLINES            =           20
 SZ_NLEVELS           =           50
 SZ_NCOLTRANS         =           30
 SZ_NCTTEMP           =           10
 
 DUST_SPECIES_MAX     =            2
 DUST_SIZE_MAX        =            1
 DUST_TRANGE_MAX      =            1
 DUST_TEMP_MIN        =   2.000000000000000E-002
 DUST_TEMP_MAX        =    3000.00000000000     
 DUST_TEMP_ACCUR      =   1.000000000000000E-002
 DUST ALI             : disabled
 
 ......................................
           SETUP OF PROBLEM:           
 metric             = S
 frsize radius      =          120
 frsize theta       =          400
 nr mu              =           41
 nr phi             =           16
 mu-grid type       =            2
 mu-grid allow err  =   0.100000000000000     
 mu-grid coarseness =    1.00000000000000     
 mu-grid extra mu=0 =            3
 bound cond inner   =            2
 bound cond outer   =            0
 telescope nphi     =          150
 telescope dbdr     =            1
 telescope extra b  =          -60
 isave physvar      =            1
 isave scatnonlte   =            1
 isave intensity    =            0
 isave source       =           -1
 isave meanint      =            0
 isave dusttemp     =           -1
 isave levpop       =           -1
 isave electemp     =           -1
 ......................................
             SOME REMARKS:             
     Max |mu|       :   0.980912842771901        --> Error = 
  9.635536110408793E-003
     Min |mu|       :   0.107560252186112     
 Nr of short SC     :            0
 Nr of extended SC  :            0
 Frac extended SC   :  Infinity      
 Greatest DR/R      :   -1.00000000000000     
 Nr of R-refine     :           -1
 
 ......................................
 Warnings:
  * During Short Characteristic integration     
    there were overshoots in the quadrature.    
    These have been corrected automatically,    
    but they indicate poor grid resolution!     
 ......................................
 ========= END OF RUN RADLITE =========
 
 
 
 =========== RUN OF RADICAL ===========
 Action       : spectrum/image
 ......................................
       COMPILATION OF CODE:            
 Dimension = 2              (RADGRID_TWODIM)
 Include lines              (INCLUDE_LINES)
 Include dust continuum     (INCLUDE_DUST)
 Transfer: MESC             (ESC_MINIMAL_EXTENSION)
 Long char: refined         (LONGCHAR_EXTRA_POINTS)
 Compact ESC arrays         (SHORCHAR_COMPACT_ARRAYS)
    Fraction of long ESC:   9.9999998E-03
 Mirror in Theta : yes      (MIRROR_THETA)
 Mirror in phi : yes        (MIRROR_PHI)
 Interpol                   (INTERPOL_PHI_3)
 Interpol                   (INTERPOL_THETA_3)
 Interpol                   (INTERPOL_SRC_1)
 Interpol                   (INTERPOL_FREQ_1)
 Quadrature                 (SRCQDR_PNT_2)
 ALI                        (ALI_PNT_2)
 
 FRSIZE_X       =          210
 FRSIZE_Y       =          420
 FRSIZE_FREQ    =          401
 FRSIZE_MU      =           43
 FRSIZE_PHI     =           16
 FRSIZE_CHAR    =           24
 FRSIZE_INF_PHI =          400
 FRSIZE_INF_R   =         1780
 FRSIZE_INF_X   =          120
 FRSIZE_INF_Y   =          120
 
 SZ_LINEPROFILE       =          401
 SZ_LINEPROFILE_SMALL =           40
 SZ_NLINES            =           20
 SZ_NLEVELS           =           50
 SZ_NCOLTRANS         =           30
 SZ_NCTTEMP           =           10
 
 DUST_SPECIES_MAX     =            2
 DUST_SIZE_MAX        =            1
 DUST_TRANGE_MAX      =            1
 DUST_TEMP_MIN        =   2.000000000000000E-002
 DUST_TEMP_MAX        =    3000.00000000000     
 DUST_TEMP_ACCUR      =   1.000000000000000E-002
 DUST ALI             : disabled
 
 ......................................
           SETUP OF PROBLEM:           
 metric             = S
 frsize radius      =          120
 frsize theta       =          400
 nr mu              =           41
 nr phi             =           16
 mu-grid type       =            2
 mu-grid allow err  =   0.100000000000000     
 mu-grid coarseness =    1.00000000000000     
 mu-grid extra mu=0 =            3
 bound cond inner   =            2
 bound cond outer   =            0
 telescope nphi     =          150
 telescope dbdr     =            2
 telescope extra b  =          -60
 isave physvar      =            1
 isave scatnonlte   =            1
 isave intensity    =            0
 isave source       =           -1
 isave meanint      =            0
 isave dusttemp     =           -1
 isave levpop       =           -1
 isave electemp     =           -1
 ......................................
             SOME REMARKS:             
     Max |mu|       :   0.980912842771901        --> Error = 
  9.635536110408793E-003
     Min |mu|       :   0.107560252186112     
 Nr of short SC     :            0
 Nr of extended SC  :            0
 Frac extended SC   :  Infinity      
 Greatest DR/R      :   -1.00000000000000     
 Nr of R-refine     :           -1
 
 ......................................
 Warnings:
  * During Short Characteristic integration     
    there were overshoots in the quadrature.    
    These have been corrected automatically,    
    but they indicate poor grid resolution!     
 ......................................
 ========= END OF RUN RADLITE =========
 
 
 
 =========== RUN OF RADICAL ===========
 Action       : spectrum/image
 ......................................
       COMPILATION OF CODE:            
 Dimension = 2              (RADGRID_TWODIM)
 Include lines              (INCLUDE_LINES)
 Include dust continuum     (INCLUDE_DUST)
 Transfer: MESC             (ESC_MINIMAL_EXTENSION)
 Long char: refined         (LONGCHAR_EXTRA_POINTS)
 Compact ESC arrays         (SHORCHAR_COMPACT_ARRAYS)
    Fraction of long ESC:   9.9999998E-03
 Mirror in Theta : yes      (MIRROR_THETA)
 Mirror in phi : yes        (MIRROR_PHI)
 Interpol                   (INTERPOL_PHI_3)
 Interpol                   (INTERPOL_THETA_3)
 Interpol                   (INTERPOL_SRC_1)
 Interpol                   (INTERPOL_FREQ_1)
 Quadrature                 (SRCQDR_PNT_2)
 ALI                        (ALI_PNT_2)
 
 FRSIZE_X       =          210
 FRSIZE_Y       =          420
 FRSIZE_FREQ    =          401
 FRSIZE_MU      =           43
 FRSIZE_PHI     =           16
 FRSIZE_CHAR    =           24
 FRSIZE_INF_PHI =          400
 FRSIZE_INF_R   =         1780
 FRSIZE_INF_X   =          120
 FRSIZE_INF_Y   =          120
 
 SZ_LINEPROFILE       =          401
 SZ_LINEPROFILE_SMALL =           40
 SZ_NLINES            =           20
 SZ_NLEVELS           =           50
 SZ_NCOLTRANS         =           30
 SZ_NCTTEMP           =           10
 
 DUST_SPECIES_MAX     =            2
 DUST_SIZE_MAX        =            1
 DUST_TRANGE_MAX      =            1
 DUST_TEMP_MIN        =   2.000000000000000E-002
 DUST_TEMP_MAX        =    3000.00000000000     
 DUST_TEMP_ACCUR      =   1.000000000000000E-002
 DUST ALI             : disabled
 
 ......................................
           SETUP OF PROBLEM:           
 metric             = S
 frsize radius      =          120
 frsize theta       =          400
 nr mu              =           41
 nr phi             =           16
 mu-grid type       =            2
 mu-grid allow err  =   0.100000000000000     
 mu-grid coarseness =    1.00000000000000     
 mu-grid extra mu=0 =            3
 bound cond inner   =            2
 bound cond outer   =            0
 telescope nphi     =          150
 telescope dbdr     =            3
 telescope extra b  =          -60
 isave physvar      =            1
 isave scatnonlte   =            1
 isave intensity    =            0
 isave source       =           -1
 isave meanint      =            0
 isave dusttemp     =           -1
 isave levpop       =           -1
 isave electemp     =           -1
 ......................................
             SOME REMARKS:             
     Max |mu|       :   0.980912842771901        --> Error = 
  9.635536110408793E-003
     Min |mu|       :   0.107560252186112     
 Nr of short SC     :            0
 Nr of extended SC  :            0
 Frac extended SC   :  Infinity      
 Greatest DR/R      :   -1.00000000000000     
 Nr of R-refine     :           -1
 
 ......................................
 Warnings:
  * During Short Characteristic integration     
    there were overshoots in the quadrature.    
    These have been corrected automatically,    
    but they indicate poor grid resolution!     
 ......................................
 ========= END OF RUN RADLITE =========
 
 
 
 =========== RUN OF RADICAL ===========
 Action       : spectrum/image
 ......................................
       COMPILATION OF CODE:            
 Dimension = 2              (RADGRID_TWODIM)
 Include lines              (INCLUDE_LINES)
 Include dust continuum     (INCLUDE_DUST)
 Transfer: MESC             (ESC_MINIMAL_EXTENSION)
 Long char: refined         (LONGCHAR_EXTRA_POINTS)
 Compact ESC arrays         (SHORCHAR_COMPACT_ARRAYS)
    Fraction of long ESC:   9.9999998E-03
 Mirror in Theta : yes      (MIRROR_THETA)
 Mirror in phi : yes        (MIRROR_PHI)
 Interpol                   (INTERPOL_PHI_3)
 Interpol                   (INTERPOL_THETA_3)
 Interpol                   (INTERPOL_SRC_1)
 Interpol                   (INTERPOL_FREQ_1)
 Quadrature                 (SRCQDR_PNT_2)
 ALI                        (ALI_PNT_2)
 
 FRSIZE_X       =          210
 FRSIZE_Y       =          420
 FRSIZE_FREQ    =          401
 FRSIZE_MU      =           43
 FRSIZE_PHI     =           16
 FRSIZE_CHAR    =           24
 FRSIZE_INF_PHI =          400
 FRSIZE_INF_R   =         1780
 FRSIZE_INF_X   =          120
 FRSIZE_INF_Y   =          120
 
 SZ_LINEPROFILE       =          401
 SZ_LINEPROFILE_SMALL =           40
 SZ_NLINES            =           20
 SZ_NLEVELS           =           50
 SZ_NCOLTRANS         =           30
 SZ_NCTTEMP           =           10
 
 DUST_SPECIES_MAX     =            2
 DUST_SIZE_MAX        =            1
 DUST_TRANGE_MAX      =            1
 DUST_TEMP_MIN        =   2.000000000000000E-002
 DUST_TEMP_MAX        =    3000.00000000000     
 DUST_TEMP_ACCUR      =   1.000000000000000E-002
 DUST ALI             : disabled
 
 ......................................
           SETUP OF PROBLEM:           
 metric             = S
 frsize radius      =          120
 frsize theta       =          400
 nr mu              =           41
 nr phi             =           16
 mu-grid type       =            2
 mu-grid allow err  =   0.100000000000000     
 mu-grid coarseness =    1.00000000000000     
 mu-grid extra mu=0 =            3
 bound cond inner   =            2
 bound cond outer   =            0
 telescope nphi     =          150
 telescope dbdr     =            1
 telescope extra b  =          -60
 isave physvar      =            1
 isave scatnonlte   =            1
 isave intensity    =            0
 isave source       =           -1
 isave meanint      =            0
 isave dusttemp     =           -1
 isave levpop       =           -1
 isave electemp     =           -1
 ......................................
             SOME REMARKS:             
     Max |mu|       :   0.980912842771901        --> Error = 
  9.635536110408793E-003
     Min |mu|       :   0.107560252186112     
 Nr of short SC     :            0
 Nr of extended SC  :            0
 Frac extended SC   :  Infinity      
 Greatest DR/R      :   -1.00000000000000     
 Nr of R-refine     :           -1
 
 ......................................
 Warnings:
  * During Short Characteristic integration     
    there were overshoots in the quadrature.    
    These have been corrected automatically,    
    but they indicate poor grid resolution!     
 ......................................
 ========= END OF RUN RADLITE =========
 
 
 
 =========== RUN OF RADICAL ===========
 Action       : spectrum/image
 ......................................
       COMPILATION OF CODE:            
 Dimension = 2              (RADGRID_TWODIM)
 Include lines              (INCLUDE_LINES)
 Include dust continuum     (INCLUDE_DUST)
 Transfer: MESC             (ESC_MINIMAL_EXTENSION)
 Long char: refined         (LONGCHAR_EXTRA_POINTS)
 Compact ESC arrays         (SHORCHAR_COMPACT_ARRAYS)
    Fraction of long ESC:   9.9999998E-03
 Mirror in Theta : yes      (MIRROR_THETA)
 Mirror in phi : yes        (MIRROR_PHI)
 Interpol                   (INTERPOL_PHI_3)
 Interpol                   (INTERPOL_THETA_3)
 Interpol                   (INTERPOL_SRC_1)
 Interpol                   (INTERPOL_FREQ_1)
 Quadrature                 (SRCQDR_PNT_2)
 ALI                        (ALI_PNT_2)
 
 FRSIZE_X       =          210
 FRSIZE_Y       =          420
 FRSIZE_FREQ    =          401
 FRSIZE_MU      =           43
 FRSIZE_PHI     =           16
 FRSIZE_CHAR    =           24
 FRSIZE_INF_PHI =          400
 FRSIZE_INF_R   =         1780
 FRSIZE_INF_X   =          120
 FRSIZE_INF_Y   =          120
 
 SZ_LINEPROFILE       =          401
 SZ_LINEPROFILE_SMALL =           40
 SZ_NLINES            =           20
 SZ_NLEVELS           =           50
 SZ_NCOLTRANS         =           30
 SZ_NCTTEMP           =           10
 
 DUST_SPECIES_MAX     =            2
 DUST_SIZE_MAX        =            1
 DUST_TRANGE_MAX      =            1
 DUST_TEMP_MIN        =   2.000000000000000E-002
 DUST_TEMP_MAX        =    3000.00000000000     
 DUST_TEMP_ACCUR      =   1.000000000000000E-002
 DUST ALI             : disabled
 
 ......................................
           SETUP OF PROBLEM:           
 metric             = S
 frsize radius      =          120
 frsize theta       =          400
 nr mu              =           41
 nr phi             =           16
 mu-grid type       =            2
 mu-grid allow err  =   0.100000000000000     
 mu-grid coarseness =    1.00000000000000     
 mu-grid extra mu=0 =            3
 bound cond inner   =            2
 bound cond outer   =            0
 telescope nphi     =          150
 telescope dbdr     =            1
 telescope extra b  =          -60
 isave physvar      =            1
 isave scatnonlte   =            1
 isave intensity    =            0
 isave source       =           -1
 isave meanint      =            0
 isave dusttemp     =           -1
 isave levpop       =           -1
 isave electemp     =           -1
 ......................................
             SOME REMARKS:             
     Max |mu|       :   0.980912842771901        --> Error = 
  9.635536110408793E-003
     Min |mu|       :   0.107560252186112     
 Nr of short SC     :            0
 Nr of extended SC  :            0
 Frac extended SC   :  Infinity      
 Greatest DR/R      :   -1.00000000000000     
 Nr of R-refine     :           -1
 
 ......................................
 Warnings:
  * During Short Characteristic integration     
    there were overshoots in the quadrature.    
    These have been corrected automatically,    
    but they indicate poor grid resolution!     
 ......................................
 ========= END OF RUN RADLITE =========
