


 =========== RUN OF RADICAL ===========
 Action       : spectrum/image
 ......................................
       COMPILATION OF CODE:            
 Dimension = 2              (RADGRID_TWODIM)
 Include lines              (INCLUDE_LINES)
 Include dust continuum     (INCLUDE_DUST)
 Transfer: MESC             (ESC_MINIMAL_EXTENSION)
 Long char: refined         (LONGCHAR_EXTRA_POINTS)
 Compact ESC arrays         (SHORCHAR_COMPACT_ARRAYS)
    Fraction of long ESC:    9.99999978E-03
 Mirror in Theta : yes      (MIRROR_THETA)
 Mirror in phi : yes        (MIRROR_PHI)
 Interpol                   (INTERPOL_PHI_3)
 Interpol                   (INTERPOL_THETA_3)
 Interpol                   (INTERPOL_SRC_1)
 Interpol                   (INTERPOL_FREQ_1)
 Quadrature                 (SRCQDR_PNT_2)
 ALI                        (ALI_PNT_2)

 FRSIZE_X       =          300
 FRSIZE_Y       =          400
 FRSIZE_FREQ    =          401
 FRSIZE_MU      =           43
 FRSIZE_PHI     =           16
 FRSIZE_CHAR    =           24
 FRSIZE_INF_PHI =          400
 FRSIZE_INF_R   =         2500
 FRSIZE_INF_X   =          120
 FRSIZE_INF_Y   =          120

 SZ_LINEPROFILE       =          401
 SZ_LINEPROFILE_SMALL =           40
 SZ_NLINES            =         1000
 SZ_NLEVELS           =         1000
 SZ_NCOLTRANS         =           30
 SZ_NCTTEMP           =           10

 DUST_SPECIES_MAX     =            2
 DUST_SIZE_MAX        =            1
 DUST_TRANGE_MAX      =            1
 DUST_TEMP_MIN        =    2.0000000000000000E-002
 DUST_TEMP_MAX        =    3000.0000000000000     
 DUST_TEMP_ACCUR      =    1.0000000000000000E-002
 DUST ALI             : disabled
 
 ......................................
           SETUP OF PROBLEM:           
 metric             = S
 frsize radius      =          150
 frsize theta       =          320
 nr mu              =           41
 nr phi             =           16
 mu-grid type       =            2
 mu-grid allow err  =   0.10000000000000001     
 mu-grid coarseness =    1.0000000000000000     
 mu-grid extra mu=0 =            3
 bound cond inner   =            2
 bound cond outer   =            0
 telescope nphi     =          150
 telescope dbdr     =            1
 telescope extra b  =          -60
 isave physvar      =            1
 isave scatnonlte   =            1
 isave intensity    =            0
 isave source       =           -1
 isave meanint      =            0
 isave dusttemp     =           -1
 isave levpop       =           -1
 isave electemp     =           -1
 ......................................
             SOME REMARKS:             
     Max |mu|       :   0.98519179670490198        --> Error =    7.4593312946782397E-003
     Min |mu|       :   0.11119384260649536     
 Nr of short SC     :            0
 Nr of extended SC  :            0
 Frac extended SC   :          Infinity
 Greatest DR/R      :   -1.0000000000000000     
 Nr of R-refine     :           -1
 



 =========== RUN OF RADICAL ===========
 Action       : spectrum/image
 ......................................
       COMPILATION OF CODE:            
 Dimension = 2              (RADGRID_TWODIM)
 Include lines              (INCLUDE_LINES)
 Include dust continuum     (INCLUDE_DUST)
 Transfer: MESC             (ESC_MINIMAL_EXTENSION)
 Long char: refined         (LONGCHAR_EXTRA_POINTS)
 Compact ESC arrays         (SHORCHAR_COMPACT_ARRAYS)
    Fraction of long ESC:    9.99999978E-03
 Mirror in Theta : yes      (MIRROR_THETA)
 Mirror in phi : yes        (MIRROR_PHI)
 Interpol                   (INTERPOL_PHI_3)
 Interpol                   (INTERPOL_THETA_3)
 Interpol                   (INTERPOL_SRC_1)
 Interpol                   (INTERPOL_FREQ_1)
 Quadrature                 (SRCQDR_PNT_2)
 ALI                        (ALI_PNT_2)

 FRSIZE_X       =          300
 FRSIZE_Y       =          400
 FRSIZE_FREQ    =          401
 FRSIZE_MU      =           43
 FRSIZE_PHI     =           16
 FRSIZE_CHAR    =           24
 FRSIZE_INF_PHI =          400
 FRSIZE_INF_R   =         2500
 FRSIZE_INF_X   =          120
 FRSIZE_INF_Y   =          120

 SZ_LINEPROFILE       =          401
 SZ_LINEPROFILE_SMALL =           40
 SZ_NLINES            =         1000
 SZ_NLEVELS           =         1000
 SZ_NCOLTRANS         =           30
 SZ_NCTTEMP           =           10

 DUST_SPECIES_MAX     =            2
 DUST_SIZE_MAX        =            1
 DUST_TRANGE_MAX      =            1
 DUST_TEMP_MIN        =    2.0000000000000000E-002
 DUST_TEMP_MAX        =    3000.0000000000000     
 DUST_TEMP_ACCUR      =    1.0000000000000000E-002
 DUST ALI             : disabled
 
 ......................................
           SETUP OF PROBLEM:           
 metric             = S
 frsize radius      =          150
 frsize theta       =          320
 nr mu              =           41
 nr phi             =           16
 mu-grid type       =            2
 mu-grid allow err  =   0.10000000000000001     
 mu-grid coarseness =    1.0000000000000000     
 mu-grid extra mu=0 =            3
 bound cond inner   =            2
 bound cond outer   =            0
 telescope nphi     =          150
 telescope dbdr     =            1
 telescope extra b  =          -60
 isave physvar      =            1
 isave scatnonlte   =            1
 isave intensity    =            0
 isave source       =           -1
 isave meanint      =            0
 isave dusttemp     =           -1
 isave levpop       =           -1
 isave electemp     =           -1
 ......................................
             SOME REMARKS:             
     Max |mu|       :   0.98519179670490198        --> Error =    7.4593312946782397E-003
     Min |mu|       :   0.11119384260649536     
 Nr of short SC     :            0
 Nr of extended SC  :            0
 Frac extended SC   :          Infinity
 Greatest DR/R      :   -1.0000000000000000     
 Nr of R-refine     :           -1
 



 =========== RUN OF RADICAL ===========
 Action       : spectrum/image
 ......................................
       COMPILATION OF CODE:            
 Dimension = 2              (RADGRID_TWODIM)
 Include lines              (INCLUDE_LINES)
 Include dust continuum     (INCLUDE_DUST)
 Transfer: MESC             (ESC_MINIMAL_EXTENSION)
 Long char: refined         (LONGCHAR_EXTRA_POINTS)
 Compact ESC arrays         (SHORCHAR_COMPACT_ARRAYS)
    Fraction of long ESC:    9.99999978E-03
 Mirror in Theta : yes      (MIRROR_THETA)
 Mirror in phi : yes        (MIRROR_PHI)
 Interpol                   (INTERPOL_PHI_3)
 Interpol                   (INTERPOL_THETA_3)
 Interpol                   (INTERPOL_SRC_1)
 Interpol                   (INTERPOL_FREQ_1)
 Quadrature                 (SRCQDR_PNT_2)
 ALI                        (ALI_PNT_2)

 FRSIZE_X       =          300
 FRSIZE_Y       =          400
 FRSIZE_FREQ    =          401
 FRSIZE_MU      =           43
 FRSIZE_PHI     =           16
 FRSIZE_CHAR    =           24
 FRSIZE_INF_PHI =          400
 FRSIZE_INF_R   =         2500
 FRSIZE_INF_X   =          120
 FRSIZE_INF_Y   =          120

 SZ_LINEPROFILE       =          401
 SZ_LINEPROFILE_SMALL =           40
 SZ_NLINES            =         1000
 SZ_NLEVELS           =         1000
 SZ_NCOLTRANS         =           30
 SZ_NCTTEMP           =           10

 DUST_SPECIES_MAX     =            2
 DUST_SIZE_MAX        =            1
 DUST_TRANGE_MAX      =            1
 DUST_TEMP_MIN        =    2.0000000000000000E-002
 DUST_TEMP_MAX        =    3000.0000000000000     
 DUST_TEMP_ACCUR      =    1.0000000000000000E-002
 DUST ALI             : disabled
 
 ......................................
           SETUP OF PROBLEM:           
 metric             = S
 frsize radius      =          150
 frsize theta       =          320
 nr mu              =           41
 nr phi             =           16
 mu-grid type       =            2
 mu-grid allow err  =   0.10000000000000001     
 mu-grid coarseness =    1.0000000000000000     
 mu-grid extra mu=0 =            3
 bound cond inner   =            2
 bound cond outer   =            0
 telescope nphi     =          150
 telescope dbdr     =            1
 telescope extra b  =          -60
 isave physvar      =            1
 isave scatnonlte   =            1
 isave intensity    =            0
 isave source       =           -1
 isave meanint      =            0
 isave dusttemp     =           -1
 isave levpop       =           -1
 isave electemp     =           -1
 ......................................
             SOME REMARKS:             
     Max |mu|       :   0.98519179670490198        --> Error =    7.4593312946782397E-003
     Min |mu|       :   0.11119384260649536     
 Nr of short SC     :            0
 Nr of extended SC  :            0
 Frac extended SC   :          Infinity
 Greatest DR/R      :   -1.0000000000000000     
 Nr of R-refine     :           -1
 



 =========== RUN OF RADICAL ===========
 Action       : spectrum/image
 ......................................
       COMPILATION OF CODE:            
 Dimension = 2              (RADGRID_TWODIM)
 Include lines              (INCLUDE_LINES)
 Include dust continuum     (INCLUDE_DUST)
 Transfer: MESC             (ESC_MINIMAL_EXTENSION)
 Long char: refined         (LONGCHAR_EXTRA_POINTS)
 Compact ESC arrays         (SHORCHAR_COMPACT_ARRAYS)
    Fraction of long ESC:    9.99999978E-03
 Mirror in Theta : yes      (MIRROR_THETA)
 Mirror in phi : yes        (MIRROR_PHI)
 Interpol                   (INTERPOL_PHI_3)
 Interpol                   (INTERPOL_THETA_3)
 Interpol                   (INTERPOL_SRC_1)
 Interpol                   (INTERPOL_FREQ_1)
 Quadrature                 (SRCQDR_PNT_2)
 ALI                        (ALI_PNT_2)

 FRSIZE_X       =          300
 FRSIZE_Y       =          400
 FRSIZE_FREQ    =          401
 FRSIZE_MU      =           43
 FRSIZE_PHI     =           16
 FRSIZE_CHAR    =           24
 FRSIZE_INF_PHI =          400
 FRSIZE_INF_R   =         2500
 FRSIZE_INF_X   =          120
 FRSIZE_INF_Y   =          120

 SZ_LINEPROFILE       =          401
 SZ_LINEPROFILE_SMALL =           40
 SZ_NLINES            =         1000
 SZ_NLEVELS           =         1000
 SZ_NCOLTRANS         =           30
 SZ_NCTTEMP           =           10

 DUST_SPECIES_MAX     =            2
 DUST_SIZE_MAX        =            1
 DUST_TRANGE_MAX      =            1
 DUST_TEMP_MIN        =    2.0000000000000000E-002
 DUST_TEMP_MAX        =    3000.0000000000000     
 DUST_TEMP_ACCUR      =    1.0000000000000000E-002
 DUST ALI             : disabled
 
 ......................................
           SETUP OF PROBLEM:           
 metric             = S
 frsize radius      =          150
 frsize theta       =          320
 nr mu              =           41
 nr phi             =           16
 mu-grid type       =            2
 mu-grid allow err  =   0.10000000000000001     
 mu-grid coarseness =    1.0000000000000000     
 mu-grid extra mu=0 =            3
 bound cond inner   =            2
 bound cond outer   =            0
 telescope nphi     =          150
 telescope dbdr     =            1
 telescope extra b  =          -60
 isave physvar      =            1
 isave scatnonlte   =            1
 isave intensity    =            0
 isave source       =           -1
 isave meanint      =            0
 isave dusttemp     =           -1
 isave levpop       =           -1
 isave electemp     =           -1
 ......................................
             SOME REMARKS:             
     Max |mu|       :   0.98519179670490198        --> Error =    7.4593312946782397E-003
     Min |mu|       :   0.11119384260649536     
 Nr of short SC     :            0
 Nr of extended SC  :            0
 Frac extended SC   :          Infinity
 Greatest DR/R      :   -1.0000000000000000     
 Nr of R-refine     :           -1
 



 =========== RUN OF RADICAL ===========
 Action       : spectrum/image
 ......................................
       COMPILATION OF CODE:            
 Dimension = 2              (RADGRID_TWODIM)
 Include lines              (INCLUDE_LINES)
 Include dust continuum     (INCLUDE_DUST)
 Transfer: MESC             (ESC_MINIMAL_EXTENSION)
 Long char: refined         (LONGCHAR_EXTRA_POINTS)
 Compact ESC arrays         (SHORCHAR_COMPACT_ARRAYS)
    Fraction of long ESC:    9.99999978E-03
 Mirror in Theta : yes      (MIRROR_THETA)
 Mirror in phi : yes        (MIRROR_PHI)
 Interpol                   (INTERPOL_PHI_3)
 Interpol                   (INTERPOL_THETA_3)
 Interpol                   (INTERPOL_SRC_1)
 Interpol                   (INTERPOL_FREQ_1)
 Quadrature                 (SRCQDR_PNT_2)
 ALI                        (ALI_PNT_2)

 FRSIZE_X       =          300
 FRSIZE_Y       =          400
 FRSIZE_FREQ    =          401
 FRSIZE_MU      =           43
 FRSIZE_PHI     =           16
 FRSIZE_CHAR    =           24
 FRSIZE_INF_PHI =          400
 FRSIZE_INF_R   =         2500
 FRSIZE_INF_X   =          120
 FRSIZE_INF_Y   =          120

 SZ_LINEPROFILE       =          401
 SZ_LINEPROFILE_SMALL =           40
 SZ_NLINES            =         1000
 SZ_NLEVELS           =         1000
 SZ_NCOLTRANS         =           30
 SZ_NCTTEMP           =           10

 DUST_SPECIES_MAX     =            2
 DUST_SIZE_MAX        =            1
 DUST_TRANGE_MAX      =            1
 DUST_TEMP_MIN        =    2.0000000000000000E-002
 DUST_TEMP_MAX        =    3000.0000000000000     
 DUST_TEMP_ACCUR      =    1.0000000000000000E-002
 DUST ALI             : disabled
 
 ......................................
           SETUP OF PROBLEM:           
 metric             = S
 frsize radius      =          150
 frsize theta       =          320
 nr mu              =           41
 nr phi             =           16
 mu-grid type       =            2
 mu-grid allow err  =   0.10000000000000001     
 mu-grid coarseness =    1.0000000000000000     
 mu-grid extra mu=0 =            3
 bound cond inner   =            2
 bound cond outer   =            0
 telescope nphi     =          150
 telescope dbdr     =            1
 telescope extra b  =          -60
 isave physvar      =            1
 isave scatnonlte   =            1
 isave intensity    =            0
 isave source       =           -1
 isave meanint      =            0
 isave dusttemp     =           -1
 isave levpop       =           -1
 isave electemp     =           -1
 ......................................
             SOME REMARKS:             
     Max |mu|       :   0.98519179670490198        --> Error =    7.4593312946782397E-003
     Min |mu|       :   0.11119384260649536     
 Nr of short SC     :            0
 Nr of extended SC  :            0
 Frac extended SC   :          Infinity
 Greatest DR/R      :   -1.0000000000000000     
 Nr of R-refine     :           -1
 
 ......................................
 Warnings:
  <none>
 ......................................
 ========= END OF RUN RADLITE =========
 ......................................
 Warnings:
  * During Short Characteristic integration     
    there were overshoots in the quadrature.    
    These have been corrected automatically,    
    but they indicate poor grid resolution!     
 ......................................
 ========= END OF RUN RADLITE =========
 ......................................
 Warnings:
  <none>
 ......................................
 ========= END OF RUN RADLITE =========



 =========== RUN OF RADICAL ===========
 Action       : spectrum/image
 ......................................
       COMPILATION OF CODE:            
 Dimension = 2              (RADGRID_TWODIM)
 Include lines              (INCLUDE_LINES)
 Include dust continuum     (INCLUDE_DUST)
 Transfer: MESC             (ESC_MINIMAL_EXTENSION)
 Long char: refined         (LONGCHAR_EXTRA_POINTS)
 Compact ESC arrays         (SHORCHAR_COMPACT_ARRAYS)
    Fraction of long ESC:    9.99999978E-03
 Mirror in Theta : yes      (MIRROR_THETA)
 Mirror in phi : yes        (MIRROR_PHI)
 Interpol                   (INTERPOL_PHI_3)
 Interpol                   (INTERPOL_THETA_3)
 Interpol                   (INTERPOL_SRC_1)
 Interpol                   (INTERPOL_FREQ_1)
 Quadrature                 (SRCQDR_PNT_2)
 ALI                        (ALI_PNT_2)

 FRSIZE_X       =          300
 FRSIZE_Y       =          400
 FRSIZE_FREQ    =          401
 FRSIZE_MU      =           43
 FRSIZE_PHI     =           16
 FRSIZE_CHAR    =           24
 FRSIZE_INF_PHI =          400
 FRSIZE_INF_R   =         2500
 FRSIZE_INF_X   =          120
 FRSIZE_INF_Y   =          120

 SZ_LINEPROFILE       =          401
 SZ_LINEPROFILE_SMALL =           40
 SZ_NLINES            =         1000
 SZ_NLEVELS           =         1000
 SZ_NCOLTRANS         =           30
 SZ_NCTTEMP           =           10

 DUST_SPECIES_MAX     =            2
 DUST_SIZE_MAX        =            1
 DUST_TRANGE_MAX      =            1
 DUST_TEMP_MIN        =    2.0000000000000000E-002
 DUST_TEMP_MAX        =    3000.0000000000000     
 DUST_TEMP_ACCUR      =    1.0000000000000000E-002
 DUST ALI             : disabled
 
 ......................................
           SETUP OF PROBLEM:           
 metric             = S
 frsize radius      =          150
 frsize theta       =          320
 nr mu              =           41
 nr phi             =           16
 mu-grid type       =            2
 mu-grid allow err  =   0.10000000000000001     
 mu-grid coarseness =    1.0000000000000000     
 mu-grid extra mu=0 =            3
 bound cond inner   =            2
 bound cond outer   =            0
 telescope nphi     =          150
 telescope dbdr     =            1
 telescope extra b  =          -60
 isave physvar      =            1
 isave scatnonlte   =            1
 isave intensity    =            0
 isave source       =           -1
 isave meanint      =            0
 isave dusttemp     =           -1
 isave levpop       =           -1
 isave electemp     =           -1
 ......................................
             SOME REMARKS:             
     Max |mu|       :   0.98519179670490198        --> Error =    7.4593312946782397E-003
     Min |mu|       :   0.11119384260649536     
 Nr of short SC     :            0
 Nr of extended SC  :            0
 Frac extended SC   :          Infinity
 Greatest DR/R      :   -1.0000000000000000     
 Nr of R-refine     :           -1
 



 =========== RUN OF RADICAL ===========
 Action       : spectrum/image
 ......................................
       COMPILATION OF CODE:            
 Dimension = 2              (RADGRID_TWODIM)
 Include lines              (INCLUDE_LINES)
 Include dust continuum     (INCLUDE_DUST)
 Transfer: MESC             (ESC_MINIMAL_EXTENSION)
 Long char: refined         (LONGCHAR_EXTRA_POINTS)
 Compact ESC arrays         (SHORCHAR_COMPACT_ARRAYS)
    Fraction of long ESC:    9.99999978E-03
 Mirror in Theta : yes      (MIRROR_THETA)
 Mirror in phi : yes        (MIRROR_PHI)
 Interpol                   (INTERPOL_PHI_3)
 Interpol                   (INTERPOL_THETA_3)
 Interpol                   (INTERPOL_SRC_1)
 Interpol                   (INTERPOL_FREQ_1)
 Quadrature                 (SRCQDR_PNT_2)
 ALI                        (ALI_PNT_2)

 FRSIZE_X       =          300
 FRSIZE_Y       =          400
 FRSIZE_FREQ    =          401
 FRSIZE_MU      =           43
 FRSIZE_PHI     =           16
 FRSIZE_CHAR    =           24
 FRSIZE_INF_PHI =          400
 FRSIZE_INF_R   =         2500
 FRSIZE_INF_X   =          120
 FRSIZE_INF_Y   =          120

 SZ_LINEPROFILE       =          401
 SZ_LINEPROFILE_SMALL =           40
 SZ_NLINES            =         1000
 SZ_NLEVELS           =         1000
 SZ_NCOLTRANS         =           30
 SZ_NCTTEMP           =           10

 DUST_SPECIES_MAX     =            2
 DUST_SIZE_MAX        =            1
 DUST_TRANGE_MAX      =            1
 DUST_TEMP_MIN        =    2.0000000000000000E-002
 DUST_TEMP_MAX        =    3000.0000000000000     
 DUST_TEMP_ACCUR      =    1.0000000000000000E-002
 DUST ALI             : disabled
 
 ......................................
           SETUP OF PROBLEM:           
 metric             = S
 frsize radius      =          150
 frsize theta       =          320
 nr mu              =           41
 nr phi             =           16
 mu-grid type       =            2
 mu-grid allow err  =   0.10000000000000001     
 mu-grid coarseness =    1.0000000000000000     
 mu-grid extra mu=0 =            3
 bound cond inner   =            2
 bound cond outer   =            0
 telescope nphi     =          150
 telescope dbdr     =            1
 telescope extra b  =          -60
 isave physvar      =            1
 isave scatnonlte   =            1
 isave intensity    =            0
 isave source       =           -1
 isave meanint      =            0
 isave dusttemp     =           -1
 isave levpop       =           -1
 isave electemp     =           -1
 ......................................
             SOME REMARKS:             
     Max |mu|       :   0.98519179670490198        --> Error =    7.4593312946782397E-003
     Min |mu|       :   0.11119384260649536     
 Nr of short SC     :            0
 Nr of extended SC  :            0
 Frac extended SC   :          Infinity
 Greatest DR/R      :   -1.0000000000000000     
 Nr of R-refine     :           -1
 



 =========== RUN OF RADICAL ===========
 Action       : spectrum/image
 ......................................
       COMPILATION OF CODE:            
 Dimension = 2              (RADGRID_TWODIM)
 Include lines              (INCLUDE_LINES)
 Include dust continuum     (INCLUDE_DUST)
 Transfer: MESC             (ESC_MINIMAL_EXTENSION)
 Long char: refined         (LONGCHAR_EXTRA_POINTS)
 Compact ESC arrays         (SHORCHAR_COMPACT_ARRAYS)
    Fraction of long ESC:    9.99999978E-03
 Mirror in Theta : yes      (MIRROR_THETA)
 Mirror in phi : yes        (MIRROR_PHI)
 Interpol                   (INTERPOL_PHI_3)
 Interpol                   (INTERPOL_THETA_3)
 Interpol                   (INTERPOL_SRC_1)
 Interpol                   (INTERPOL_FREQ_1)
 Quadrature                 (SRCQDR_PNT_2)
 ALI                        (ALI_PNT_2)

 FRSIZE_X       =          300
 FRSIZE_Y       =          400
 FRSIZE_FREQ    =          401
 FRSIZE_MU      =           43
 FRSIZE_PHI     =           16
 FRSIZE_CHAR    =           24
 FRSIZE_INF_PHI =          400
 FRSIZE_INF_R   =         2500
 FRSIZE_INF_X   =          120
 FRSIZE_INF_Y   =          120

 SZ_LINEPROFILE       =          401
 SZ_LINEPROFILE_SMALL =           40
 SZ_NLINES            =         1000
 SZ_NLEVELS           =         1000
 SZ_NCOLTRANS         =           30
 SZ_NCTTEMP           =           10

 DUST_SPECIES_MAX     =            2
 DUST_SIZE_MAX        =            1
 DUST_TRANGE_MAX      =            1
 DUST_TEMP_MIN        =    2.0000000000000000E-002
 DUST_TEMP_MAX        =    3000.0000000000000     
 DUST_TEMP_ACCUR      =    1.0000000000000000E-002
 DUST ALI             : disabled
 
 ......................................
           SETUP OF PROBLEM:           
 metric             = S
 frsize radius      =          150
 frsize theta       =          320
 nr mu              =           41
 nr phi             =           16
 mu-grid type       =            2
 mu-grid allow err  =   0.10000000000000001     
 mu-grid coarseness =    1.0000000000000000     
 mu-grid extra mu=0 =            3
 bound cond inner   =            2
 bound cond outer   =            0
 telescope nphi     =          150
 telescope dbdr     =            1
 telescope extra b  =          -60
 isave physvar      =            1
 isave scatnonlte   =            1
 isave intensity    =            0
 isave source       =           -1
 isave meanint      =            0
 isave dusttemp     =           -1
 isave levpop       =           -1
 isave electemp     =           -1
 ......................................
             SOME REMARKS:             
     Max |mu|       :   0.98519179670490198        --> Error =    7.4593312946782397E-003
     Min |mu|       :   0.11119384260649536     
 Nr of short SC     :            0
 Nr of extended SC  :            0
 Frac extended SC   :          Infinity
 Greatest DR/R      :   -1.0000000000000000     
 Nr of R-refine     :           -1
 
 ......................................
 Warnings:
  <none>
 ......................................
 ========= END OF RUN RADLITE =========
 ......................................
 Warnings:
  * During Short Characteristic integration     
    there were overshoots in the quadrature.    
    These have been corrected automatically,    
    but they indicate poor grid resolution!     
 ......................................
 ========= END OF RUN RADLITE =========
 ......................................
 Warnings:
  <none>
 ......................................
 ========= END OF RUN RADLITE =========



 =========== RUN OF RADICAL ===========
 Action       : spectrum/image
 ......................................
       COMPILATION OF CODE:            
 Dimension = 2              (RADGRID_TWODIM)
 Include lines              (INCLUDE_LINES)
 Include dust continuum     (INCLUDE_DUST)
 Transfer: MESC             (ESC_MINIMAL_EXTENSION)
 Long char: refined         (LONGCHAR_EXTRA_POINTS)
 Compact ESC arrays         (SHORCHAR_COMPACT_ARRAYS)
    Fraction of long ESC:    9.99999978E-03
 Mirror in Theta : yes      (MIRROR_THETA)
 Mirror in phi : yes        (MIRROR_PHI)
 Interpol                   (INTERPOL_PHI_3)
 Interpol                   (INTERPOL_THETA_3)
 Interpol                   (INTERPOL_SRC_1)
 Interpol                   (INTERPOL_FREQ_1)
 Quadrature                 (SRCQDR_PNT_2)
 ALI                        (ALI_PNT_2)

 FRSIZE_X       =          300
 FRSIZE_Y       =          400
 FRSIZE_FREQ    =          401
 FRSIZE_MU      =           43
 FRSIZE_PHI     =           16
 FRSIZE_CHAR    =           24
 FRSIZE_INF_PHI =          400
 FRSIZE_INF_R   =         2500
 FRSIZE_INF_X   =          120
 FRSIZE_INF_Y   =          120

 SZ_LINEPROFILE       =          401
 SZ_LINEPROFILE_SMALL =           40
 SZ_NLINES            =         1000
 SZ_NLEVELS           =         1000
 SZ_NCOLTRANS         =           30
 SZ_NCTTEMP           =           10

 DUST_SPECIES_MAX     =            2
 DUST_SIZE_MAX        =            1
 DUST_TRANGE_MAX      =            1
 DUST_TEMP_MIN        =    2.0000000000000000E-002
 DUST_TEMP_MAX        =    3000.0000000000000     
 DUST_TEMP_ACCUR      =    1.0000000000000000E-002
 DUST ALI             : disabled
 
 ......................................
           SETUP OF PROBLEM:           
 metric             = S
 frsize radius      =          150
 frsize theta       =          320
 nr mu              =           41
 nr phi             =           16
 mu-grid type       =            2
 mu-grid allow err  =   0.10000000000000001     
 mu-grid coarseness =    1.0000000000000000     
 mu-grid extra mu=0 =            3
 bound cond inner   =            2
 bound cond outer   =            0
 telescope nphi     =          150
 telescope dbdr     =            1
 telescope extra b  =          -60
 isave physvar      =            1
 isave scatnonlte   =            1
 isave intensity    =            0
 isave source       =           -1
 isave meanint      =            0
 isave dusttemp     =           -1
 isave levpop       =           -1
 isave electemp     =           -1
 ......................................
             SOME REMARKS:             
     Max |mu|       :   0.98519179670490198        --> Error =    7.4593312946782397E-003
     Min |mu|       :   0.11119384260649536     
 Nr of short SC     :            0
 Nr of extended SC  :            0
 Frac extended SC   :          Infinity
 Greatest DR/R      :   -1.0000000000000000     
 Nr of R-refine     :           -1
 



 =========== RUN OF RADICAL ===========
 Action       : spectrum/image
 ......................................
       COMPILATION OF CODE:            
 Dimension = 2              (RADGRID_TWODIM)
 Include lines              (INCLUDE_LINES)
 Include dust continuum     (INCLUDE_DUST)
 Transfer: MESC             (ESC_MINIMAL_EXTENSION)
 Long char: refined         (LONGCHAR_EXTRA_POINTS)
 Compact ESC arrays         (SHORCHAR_COMPACT_ARRAYS)
    Fraction of long ESC:    9.99999978E-03
 Mirror in Theta : yes      (MIRROR_THETA)
 Mirror in phi : yes        (MIRROR_PHI)
 Interpol                   (INTERPOL_PHI_3)
 Interpol                   (INTERPOL_THETA_3)
 Interpol                   (INTERPOL_SRC_1)
 Interpol                   (INTERPOL_FREQ_1)
 Quadrature                 (SRCQDR_PNT_2)
 ALI                        (ALI_PNT_2)

 FRSIZE_X       =          300
 FRSIZE_Y       =          400
 FRSIZE_FREQ    =          401
 FRSIZE_MU      =           43
 FRSIZE_PHI     =           16
 FRSIZE_CHAR    =           24
 FRSIZE_INF_PHI =          400
 FRSIZE_INF_R   =         2500
 FRSIZE_INF_X   =          120
 FRSIZE_INF_Y   =          120

 SZ_LINEPROFILE       =          401
 SZ_LINEPROFILE_SMALL =           40
 SZ_NLINES            =         1000
 SZ_NLEVELS           =         1000
 SZ_NCOLTRANS         =           30
 SZ_NCTTEMP           =           10

 DUST_SPECIES_MAX     =            2
 DUST_SIZE_MAX        =            1
 DUST_TRANGE_MAX      =            1
 DUST_TEMP_MIN        =    2.0000000000000000E-002
 DUST_TEMP_MAX        =    3000.0000000000000     
 DUST_TEMP_ACCUR      =    1.0000000000000000E-002
 DUST ALI             : disabled
 
 ......................................
           SETUP OF PROBLEM:           
 metric             = S
 frsize radius      =          150
 frsize theta       =          320
 nr mu              =           41
 nr phi             =           16
 mu-grid type       =            2
 mu-grid allow err  =   0.10000000000000001     
 mu-grid coarseness =    1.0000000000000000     
 mu-grid extra mu=0 =            3
 bound cond inner   =            2
 bound cond outer   =            0
 telescope nphi     =          150
 telescope dbdr     =            1
 telescope extra b  =          -60
 isave physvar      =            1
 isave scatnonlte   =            1
 isave intensity    =            0
 isave source       =           -1
 isave meanint      =            0
 isave dusttemp     =           -1
 isave levpop       =           -1
 isave electemp     =           -1
 ......................................
             SOME REMARKS:             
     Max |mu|       :   0.98519179670490198        --> Error =    7.4593312946782397E-003
     Min |mu|       :   0.11119384260649536     
 Nr of short SC     :            0
 Nr of extended SC  :            0
 Frac extended SC   :          Infinity
 Greatest DR/R      :   -1.0000000000000000     
 Nr of R-refine     :           -1
 



 =========== RUN OF RADICAL ===========
 Action       : spectrum/image
 ......................................
       COMPILATION OF CODE:            
 Dimension = 2              (RADGRID_TWODIM)
 Include lines              (INCLUDE_LINES)
 Include dust continuum     (INCLUDE_DUST)
 Transfer: MESC             (ESC_MINIMAL_EXTENSION)
 Long char: refined         (LONGCHAR_EXTRA_POINTS)
 Compact ESC arrays         (SHORCHAR_COMPACT_ARRAYS)
    Fraction of long ESC:    9.99999978E-03
 Mirror in Theta : yes      (MIRROR_THETA)
 Mirror in phi : yes        (MIRROR_PHI)
 Interpol                   (INTERPOL_PHI_3)
 Interpol                   (INTERPOL_THETA_3)
 Interpol                   (INTERPOL_SRC_1)
 Interpol                   (INTERPOL_FREQ_1)
 Quadrature                 (SRCQDR_PNT_2)
 ALI                        (ALI_PNT_2)

 FRSIZE_X       =          300
 FRSIZE_Y       =          400
 FRSIZE_FREQ    =          401
 FRSIZE_MU      =           43
 FRSIZE_PHI     =           16
 FRSIZE_CHAR    =           24
 FRSIZE_INF_PHI =          400
 FRSIZE_INF_R   =         2500
 FRSIZE_INF_X   =          120
 FRSIZE_INF_Y   =          120

 SZ_LINEPROFILE       =          401
 SZ_LINEPROFILE_SMALL =           40
 SZ_NLINES            =         1000
 SZ_NLEVELS           =         1000
 SZ_NCOLTRANS         =           30
 SZ_NCTTEMP           =           10

 DUST_SPECIES_MAX     =            2
 DUST_SIZE_MAX        =            1
 DUST_TRANGE_MAX      =            1
 DUST_TEMP_MIN        =    2.0000000000000000E-002
 DUST_TEMP_MAX        =    3000.0000000000000     
 DUST_TEMP_ACCUR      =    1.0000000000000000E-002
 DUST ALI             : disabled
 
 ......................................
           SETUP OF PROBLEM:           
 metric             = S
 frsize radius      =          150
 frsize theta       =          320
 nr mu              =           41
 nr phi             =           16
 mu-grid type       =            2
 mu-grid allow err  =   0.10000000000000001     
 mu-grid coarseness =    1.0000000000000000     
 mu-grid extra mu=0 =            3
 bound cond inner   =            2
 bound cond outer   =            0
 telescope nphi     =          150
 telescope dbdr     =            1
 telescope extra b  =          -60
 isave physvar      =            1
 isave scatnonlte   =            1
 isave intensity    =            0
 isave source       =           -1
 isave meanint      =            0
 isave dusttemp     =           -1
 isave levpop       =           -1
 isave electemp     =           -1
 ......................................
             SOME REMARKS:             
     Max |mu|       :   0.98519179670490198        --> Error =    7.4593312946782397E-003
     Min |mu|       :   0.11119384260649536     
 Nr of short SC     :            0
 Nr of extended SC  :            0
 Frac extended SC   :          Infinity
 Greatest DR/R      :   -1.0000000000000000     
 Nr of R-refine     :           -1
 



 =========== RUN OF RADICAL ===========
 Action       : spectrum/image
 ......................................
       COMPILATION OF CODE:            
 Dimension = 2              (RADGRID_TWODIM)
 Include lines              (INCLUDE_LINES)
 Include dust continuum     (INCLUDE_DUST)
 Transfer: MESC             (ESC_MINIMAL_EXTENSION)
 Long char: refined         (LONGCHAR_EXTRA_POINTS)
 Compact ESC arrays         (SHORCHAR_COMPACT_ARRAYS)
    Fraction of long ESC:    9.99999978E-03
 Mirror in Theta : yes      (MIRROR_THETA)
 Mirror in phi : yes        (MIRROR_PHI)
 Interpol                   (INTERPOL_PHI_3)
 Interpol                   (INTERPOL_THETA_3)
 Interpol                   (INTERPOL_SRC_1)
 Interpol                   (INTERPOL_FREQ_1)
 Quadrature                 (SRCQDR_PNT_2)
 ALI                        (ALI_PNT_2)

 FRSIZE_X       =          300
 FRSIZE_Y       =          400
 FRSIZE_FREQ    =          401
 FRSIZE_MU      =           43
 FRSIZE_PHI     =           16
 FRSIZE_CHAR    =           24
 FRSIZE_INF_PHI =          400
 FRSIZE_INF_R   =         2500
 FRSIZE_INF_X   =          120
 FRSIZE_INF_Y   =          120

 SZ_LINEPROFILE       =          401
 SZ_LINEPROFILE_SMALL =           40
 SZ_NLINES            =         1000
 SZ_NLEVELS           =         1000
 SZ_NCOLTRANS         =           30
 SZ_NCTTEMP           =           10

 DUST_SPECIES_MAX     =            2
 DUST_SIZE_MAX        =            1
 DUST_TRANGE_MAX      =            1
 DUST_TEMP_MIN        =    2.0000000000000000E-002
 DUST_TEMP_MAX        =    3000.0000000000000     
 DUST_TEMP_ACCUR      =    1.0000000000000000E-002
 DUST ALI             : disabled
 
 ......................................
           SETUP OF PROBLEM:           
 metric             = S
 frsize radius      =          150
 frsize theta       =          320
 nr mu              =           41
 nr phi             =           16
 mu-grid type       =            2
 mu-grid allow err  =   0.10000000000000001     
 mu-grid coarseness =    1.0000000000000000     
 mu-grid extra mu=0 =            3
 bound cond inner   =            2
 bound cond outer   =            0
 telescope nphi     =          150
 telescope dbdr     =            1
 telescope extra b  =          -60
 isave physvar      =            1
 isave scatnonlte   =            1
 isave intensity    =            0
 isave source       =           -1
 isave meanint      =            0
 isave dusttemp     =           -1
 isave levpop       =           -1
 isave electemp     =           -1
 ......................................
             SOME REMARKS:             
     Max |mu|       :   0.98519179670490198        --> Error =    7.4593312946782397E-003
     Min |mu|       :   0.11119384260649536     
 Nr of short SC     :            0
 Nr of extended SC  :            0
 Frac extended SC   :          Infinity
 Greatest DR/R      :   -1.0000000000000000     
 Nr of R-refine     :           -1
 
 ......................................
 Warnings:
  <none>
 ......................................
 ========= END OF RUN RADLITE =========
 ......................................
 Warnings:
  <none>
 ......................................
 ========= END OF RUN RADLITE =========
 ......................................
 Warnings:
  <none>
 ......................................
 ========= END OF RUN RADLITE =========



 =========== RUN OF RADICAL ===========
 Action       : spectrum/image
 ......................................
       COMPILATION OF CODE:            
 Dimension = 2              (RADGRID_TWODIM)
 Include lines              (INCLUDE_LINES)
 Include dust continuum     (INCLUDE_DUST)
 Transfer: MESC             (ESC_MINIMAL_EXTENSION)
 Long char: refined         (LONGCHAR_EXTRA_POINTS)
 Compact ESC arrays         (SHORCHAR_COMPACT_ARRAYS)
    Fraction of long ESC:    9.99999978E-03
 Mirror in Theta : yes      (MIRROR_THETA)
 Mirror in phi : yes        (MIRROR_PHI)
 Interpol                   (INTERPOL_PHI_3)
 Interpol                   (INTERPOL_THETA_3)
 Interpol                   (INTERPOL_SRC_1)
 Interpol                   (INTERPOL_FREQ_1)
 Quadrature                 (SRCQDR_PNT_2)
 ALI                        (ALI_PNT_2)

 FRSIZE_X       =          300
 FRSIZE_Y       =          400
 FRSIZE_FREQ    =          401
 FRSIZE_MU      =           43
 FRSIZE_PHI     =           16
 FRSIZE_CHAR    =           24
 FRSIZE_INF_PHI =          400
 FRSIZE_INF_R   =         2500
 FRSIZE_INF_X   =          120
 FRSIZE_INF_Y   =          120

 SZ_LINEPROFILE       =          401
 SZ_LINEPROFILE_SMALL =           40
 SZ_NLINES            =         1000
 SZ_NLEVELS           =         1000
 SZ_NCOLTRANS         =           30
 SZ_NCTTEMP           =           10

 DUST_SPECIES_MAX     =            2
 DUST_SIZE_MAX        =            1
 DUST_TRANGE_MAX      =            1
 DUST_TEMP_MIN        =    2.0000000000000000E-002
 DUST_TEMP_MAX        =    3000.0000000000000     
 DUST_TEMP_ACCUR      =    1.0000000000000000E-002
 DUST ALI             : disabled
 
 ......................................
           SETUP OF PROBLEM:           
 metric             = S
 frsize radius      =          150
 frsize theta       =          320
 nr mu              =           41
 nr phi             =           16
 mu-grid type       =            2
 mu-grid allow err  =   0.10000000000000001     
 mu-grid coarseness =    1.0000000000000000     
 mu-grid extra mu=0 =            3
 bound cond inner   =            2
 bound cond outer   =            0
 telescope nphi     =          150
 telescope dbdr     =            1
 telescope extra b  =          -60
 isave physvar      =            1
 isave scatnonlte   =            1
 isave intensity    =            0
 isave source       =           -1
 isave meanint      =            0
 isave dusttemp     =           -1
 isave levpop       =           -1
 isave electemp     =           -1
 ......................................
             SOME REMARKS:             
     Max |mu|       :   0.98519179670490198        --> Error =    7.4593312946782397E-003
     Min |mu|       :   0.11119384260649536     
 Nr of short SC     :            0
 Nr of extended SC  :            0
 Frac extended SC   :          Infinity
 Greatest DR/R      :   -1.0000000000000000     
 Nr of R-refine     :           -1
 



 =========== RUN OF RADICAL ===========
 Action       : spectrum/image
 ......................................
       COMPILATION OF CODE:            
 Dimension = 2              (RADGRID_TWODIM)
 Include lines              (INCLUDE_LINES)
 Include dust continuum     (INCLUDE_DUST)
 Transfer: MESC             (ESC_MINIMAL_EXTENSION)
 Long char: refined         (LONGCHAR_EXTRA_POINTS)
 Compact ESC arrays         (SHORCHAR_COMPACT_ARRAYS)
    Fraction of long ESC:    9.99999978E-03
 Mirror in Theta : yes      (MIRROR_THETA)
 Mirror in phi : yes        (MIRROR_PHI)
 Interpol                   (INTERPOL_PHI_3)
 Interpol                   (INTERPOL_THETA_3)
 Interpol                   (INTERPOL_SRC_1)
 Interpol                   (INTERPOL_FREQ_1)
 Quadrature                 (SRCQDR_PNT_2)
 ALI                        (ALI_PNT_2)

 FRSIZE_X       =          300
 FRSIZE_Y       =          400
 FRSIZE_FREQ    =          401
 FRSIZE_MU      =           43
 FRSIZE_PHI     =           16
 FRSIZE_CHAR    =           24
 FRSIZE_INF_PHI =          400
 FRSIZE_INF_R   =         2500
 FRSIZE_INF_X   =          120
 FRSIZE_INF_Y   =          120

 SZ_LINEPROFILE       =          401
 SZ_LINEPROFILE_SMALL =           40
 SZ_NLINES            =         1000
 SZ_NLEVELS           =         1000
 SZ_NCOLTRANS         =           30
 SZ_NCTTEMP           =           10

 DUST_SPECIES_MAX     =            2
 DUST_SIZE_MAX        =            1
 DUST_TRANGE_MAX      =            1
 DUST_TEMP_MIN        =    2.0000000000000000E-002
 DUST_TEMP_MAX        =    3000.0000000000000     
 DUST_TEMP_ACCUR      =    1.0000000000000000E-002
 DUST ALI             : disabled
 
 ......................................
           SETUP OF PROBLEM:           
 metric             = S
 frsize radius      =          150
 frsize theta       =          320
 nr mu              =           41
 nr phi             =           16
 mu-grid type       =            2
 mu-grid allow err  =   0.10000000000000001     
 mu-grid coarseness =    1.0000000000000000     
 mu-grid extra mu=0 =            3
 bound cond inner   =            2
 bound cond outer   =            0
 telescope nphi     =          150
 telescope dbdr     =            1
 telescope extra b  =          -60
 isave physvar      =            1
 isave scatnonlte   =            1
 isave intensity    =            0
 isave source       =           -1
 isave meanint      =            0
 isave dusttemp     =           -1
 isave levpop       =           -1
 isave electemp     =           -1
 ......................................
             SOME REMARKS:             
     Max |mu|       :   0.98519179670490198        --> Error =    7.4593312946782397E-003
     Min |mu|       :   0.11119384260649536     
 Nr of short SC     :            0
 Nr of extended SC  :            0
 Frac extended SC   :          Infinity
 Greatest DR/R      :   -1.0000000000000000     
 Nr of R-refine     :           -1
 



 =========== RUN OF RADICAL ===========
 Action       : spectrum/image
 ......................................
       COMPILATION OF CODE:            
 Dimension = 2              (RADGRID_TWODIM)
 Include lines              (INCLUDE_LINES)
 Include dust continuum     (INCLUDE_DUST)
 Transfer: MESC             (ESC_MINIMAL_EXTENSION)
 Long char: refined         (LONGCHAR_EXTRA_POINTS)
 Compact ESC arrays         (SHORCHAR_COMPACT_ARRAYS)
    Fraction of long ESC:    9.99999978E-03
 Mirror in Theta : yes      (MIRROR_THETA)
 Mirror in phi : yes        (MIRROR_PHI)
 Interpol                   (INTERPOL_PHI_3)
 Interpol                   (INTERPOL_THETA_3)
 Interpol                   (INTERPOL_SRC_1)
 Interpol                   (INTERPOL_FREQ_1)
 Quadrature                 (SRCQDR_PNT_2)
 ALI                        (ALI_PNT_2)

 FRSIZE_X       =          300
 FRSIZE_Y       =          400
 FRSIZE_FREQ    =          401
 FRSIZE_MU      =           43
 FRSIZE_PHI     =           16
 FRSIZE_CHAR    =           24
 FRSIZE_INF_PHI =          400
 FRSIZE_INF_R   =         2500
 FRSIZE_INF_X   =          120
 FRSIZE_INF_Y   =          120

 SZ_LINEPROFILE       =          401
 SZ_LINEPROFILE_SMALL =           40
 SZ_NLINES            =         1000
 SZ_NLEVELS           =         1000
 SZ_NCOLTRANS         =           30
 SZ_NCTTEMP           =           10

 DUST_SPECIES_MAX     =            2
 DUST_SIZE_MAX        =            1
 DUST_TRANGE_MAX      =            1
 DUST_TEMP_MIN        =    2.0000000000000000E-002
 DUST_TEMP_MAX        =    3000.0000000000000     
 DUST_TEMP_ACCUR      =    1.0000000000000000E-002
 DUST ALI             : disabled
 
 ......................................
           SETUP OF PROBLEM:           
 metric             = S
 frsize radius      =          150
 frsize theta       =          320
 nr mu              =           41
 nr phi             =           16
 mu-grid type       =            2
 mu-grid allow err  =   0.10000000000000001     
 mu-grid coarseness =    1.0000000000000000     
 mu-grid extra mu=0 =            3
 bound cond inner   =            2
 bound cond outer   =            0
 telescope nphi     =          150
 telescope dbdr     =            1
 telescope extra b  =          -60
 isave physvar      =            1
 isave scatnonlte   =            1
 isave intensity    =            0
 isave source       =           -1
 isave meanint      =            0
 isave dusttemp     =           -1
 isave levpop       =           -1
 isave electemp     =           -1
 ......................................
             SOME REMARKS:             
     Max |mu|       :   0.98519179670490198        --> Error =    7.4593312946782397E-003
     Min |mu|       :   0.11119384260649536     
 Nr of short SC     :            0
 Nr of extended SC  :            0
 Frac extended SC   :          Infinity
 Greatest DR/R      :   -1.0000000000000000     
 Nr of R-refine     :           -1
 



 =========== RUN OF RADICAL ===========
 Action       : spectrum/image
 ......................................
       COMPILATION OF CODE:            
 Dimension = 2              (RADGRID_TWODIM)
 Include lines              (INCLUDE_LINES)
 Include dust continuum     (INCLUDE_DUST)
 Transfer: MESC             (ESC_MINIMAL_EXTENSION)
 Long char: refined         (LONGCHAR_EXTRA_POINTS)
 Compact ESC arrays         (SHORCHAR_COMPACT_ARRAYS)
    Fraction of long ESC:    9.99999978E-03
 Mirror in Theta : yes      (MIRROR_THETA)
 Mirror in phi : yes        (MIRROR_PHI)
 Interpol                   (INTERPOL_PHI_3)
 Interpol                   (INTERPOL_THETA_3)
 Interpol                   (INTERPOL_SRC_1)
 Interpol                   (INTERPOL_FREQ_1)
 Quadrature                 (SRCQDR_PNT_2)
 ALI                        (ALI_PNT_2)

 FRSIZE_X       =          300
 FRSIZE_Y       =          400
 FRSIZE_FREQ    =          401
 FRSIZE_MU      =           43
 FRSIZE_PHI     =           16
 FRSIZE_CHAR    =           24
 FRSIZE_INF_PHI =          400
 FRSIZE_INF_R   =         2500
 FRSIZE_INF_X   =          120
 FRSIZE_INF_Y   =          120

 SZ_LINEPROFILE       =          401
 SZ_LINEPROFILE_SMALL =           40
 SZ_NLINES            =         1000
 SZ_NLEVELS           =         1000
 SZ_NCOLTRANS         =           30
 SZ_NCTTEMP           =           10

 DUST_SPECIES_MAX     =            2
 DUST_SIZE_MAX        =            1
 DUST_TRANGE_MAX      =            1
 DUST_TEMP_MIN        =    2.0000000000000000E-002
 DUST_TEMP_MAX        =    3000.0000000000000     
 DUST_TEMP_ACCUR      =    1.0000000000000000E-002
 DUST ALI             : disabled
 
 ......................................
           SETUP OF PROBLEM:           
 metric             = S
 frsize radius      =          150
 frsize theta       =          320
 nr mu              =           41
 nr phi             =           16
 mu-grid type       =            2
 mu-grid allow err  =   0.10000000000000001     
 mu-grid coarseness =    1.0000000000000000     
 mu-grid extra mu=0 =            3
 bound cond inner   =            2
 bound cond outer   =            0
 telescope nphi     =          150
 telescope dbdr     =            1
 telescope extra b  =          -60
 isave physvar      =            1
 isave scatnonlte   =            1
 isave intensity    =            0
 isave source       =           -1
 isave meanint      =            0
 isave dusttemp     =           -1
 isave levpop       =           -1
 isave electemp     =           -1
 ......................................
             SOME REMARKS:             
     Max |mu|       :   0.98519179670490198        --> Error =    7.4593312946782397E-003
     Min |mu|       :   0.11119384260649536     
 Nr of short SC     :            0
 Nr of extended SC  :            0
 Frac extended SC   :          Infinity
 Greatest DR/R      :   -1.0000000000000000     
 Nr of R-refine     :           -1
 
 ......................................
 Warnings:
  <none>
 ......................................
 ========= END OF RUN RADLITE =========
 ......................................
 Warnings:
  <none>
 ......................................
 ========= END OF RUN RADLITE =========
 ......................................
 Warnings:
  <none>
 ......................................
 ========= END OF RUN RADLITE =========
 ......................................
 Warnings:
  <none>
 ......................................
 ========= END OF RUN RADLITE =========
