This is pdfTeXk, Version 3.1415926-1.40.9 (Web2C 7.5.7) (format=pdflatex 2008.12.28)  19 MAY 2012 18:02
entering extended mode
\write18 enabled.
 %&-line parsing enabled.
**radlite_manual.tex
(./radlite_manual.tex
LaTeX2e <2005/12/01>
Babel <v3.8l> and hyphenation patterns for english, usenglishmax, dumylang, noh
yphenation, german-x-2008-06-18, ngerman-x-2008-06-18, ancientgreek, ibycus, ar
abic, basque, bulgarian, catalan, pinyin, coptic, croatian, czech, danish, dutc
h, esperanto, estonian, farsi, finnish, french, galician, german, ngerman, mono
greek, greek, hungarian, icelandic, indonesian, interlingua, irish, italian, la
tin, lithuanian, mongolian, mongolian2a, bokmal, nynorsk, polish, portuguese, r
omanian, russian, sanskrit, serbian, slovak, slovenian, spanish, swedish, turki
sh, ukenglish, ukrainian, uppersorbian, welsh, loaded.
(/usr/local/texlive/2008/texmf-dist/tex/latex/base/article.cls
Document Class: article 2005/09/16 v1.4f Standard LaTeX document class
(/usr/local/texlive/2008/texmf-dist/tex/latex/base/size11.clo
File: size11.clo 2005/09/16 v1.4f Standard LaTeX file (size option)
)
\c@part=\count79
\c@section=\count80
\c@subsection=\count81
\c@subsubsection=\count82
\c@paragraph=\count83
\c@subparagraph=\count84
\c@figure=\count85
\c@table=\count86
\abovecaptionskip=\skip41
\belowcaptionskip=\skip42
\bibindent=\dimen102
)
(/usr/local/texlive/2008/texmf-dist/tex/latex/natbib/natbib.sty
Package: natbib 2009/02/02 8.3 (PWD, AO)
\bibhang=\skip43
\bibsep=\skip44
LaTeX Info: Redefining \cite on input line 694.
\c@NAT@ctr=\count87
)
(/usr/local/texlive/2008/texmf-dist/tex/latex/amsfonts/amssymb.sty
Package: amssymb 2002/01/22 v2.2d

(/usr/local/texlive/2008/texmf-dist/tex/latex/amsfonts/amsfonts.sty
Package: amsfonts 2001/10/25 v2.2f
\@emptytoks=\toks14
\symAMSa=\mathgroup4
\symAMSb=\mathgroup5
LaTeX Font Info:    Overwriting math alphabet `\mathfrak' in version `bold'
(Font)                  U/euf/m/n --> U/euf/b/n on input line 132.
))
(/usr/local/texlive/2008/texmf-dist/tex/latex/graphics/graphicx.sty
Package: graphicx 1999/02/16 v1.0f Enhanced LaTeX Graphics (DPC,SPQR)

(/usr/local/texlive/2008/texmf-dist/tex/latex/graphics/keyval.sty
Package: keyval 1999/03/16 v1.13 key=value parser (DPC)
\KV@toks@=\toks15
)
(/usr/local/texlive/2008/texmf-dist/tex/latex/graphics/graphics.sty
Package: graphics 2006/02/20 v1.0o Standard LaTeX Graphics (DPC,SPQR)

(/usr/local/texlive/2008/texmf-dist/tex/latex/graphics/trig.sty
Package: trig 1999/03/16 v1.09 sin cos tan (DPC)
)
(/usr/local/texlive/2008/texmf/tex/latex/config/graphics.cfg
File: graphics.cfg 2007/01/18 v1.5 graphics configuration of teTeX/TeXLive
)
Package graphics Info: Driver file: pdftex.def on input line 90.

(/usr/local/texlive/2008/texmf-dist/tex/latex/pdftex-def/pdftex.def
File: pdftex.def 2008/09/08 v0.04l Graphics/color for pdfTeX
\Gread@gobject=\count88
))
\Gin@req@height=\dimen103
\Gin@req@width=\dimen104
)
(/usr/local/texlive/2008/texmf-dist/tex/generic/epsf/epsf.sty
This is `epsf.tex' v2.7.3 <23 July 2005>
\epsffilein=\read1
\epsfframemargin=\dimen105
\epsfframethickness=\dimen106
\epsfrsize=\dimen107
\epsftmp=\dimen108
\epsftsize=\dimen109
\epsfxsize=\dimen110
\epsfysize=\dimen111
\pspoints=\dimen112
) (./bibspacing.sty
\bibindent=\dimen113
\bibspacing=\dimen114
) (./radlite_manual.aux)
\openout1 = `radlite_manual.aux'.

LaTeX Font Info:    Checking defaults for OML/cmm/m/it on input line 21.
LaTeX Font Info:    ... okay on input line 21.
LaTeX Font Info:    Checking defaults for T1/cmr/m/n on input line 21.
LaTeX Font Info:    ... okay on input line 21.
LaTeX Font Info:    Checking defaults for OT1/cmr/m/n on input line 21.
LaTeX Font Info:    ... okay on input line 21.
LaTeX Font Info:    Checking defaults for OMS/cmsy/m/n on input line 21.
LaTeX Font Info:    ... okay on input line 21.
LaTeX Font Info:    Checking defaults for OMX/cmex/m/n on input line 21.
LaTeX Font Info:    ... okay on input line 21.
LaTeX Font Info:    Checking defaults for U/cmr/m/n on input line 21.
LaTeX Font Info:    ... okay on input line 21.

(/usr/local/texlive/2008/texmf-dist/tex/context/base/supp-pdf.tex
[Loading MPS to PDF converter (version 2006.09.02).]
\scratchcounter=\count89
\scratchdimen=\dimen115
\scratchbox=\box26
\nofMPsegments=\count90
\nofMParguments=\count91
\everyMPshowfont=\toks16
\MPscratchCnt=\count92
\MPscratchDim=\dimen116
\MPnumerator=\count93
\everyMPtoPDFconversion=\toks17
)
LaTeX Font Info:    Try loading font information for U+msa on input line 26.
 (/usr/local/texlive/2008/texmf-dist/tex/latex/amsfonts/umsa.fd
File: umsa.fd 2002/01/19 v2.2g AMS font definitions
)
LaTeX Font Info:    Try loading font information for U+msb on input line 26.

(/usr/local/texlive/2008/texmf-dist/tex/latex/amsfonts/umsb.fd
File: umsb.fd 2002/01/19 v2.2g AMS font definitions
)
Overfull \hbox (49.8323pt too wide) in paragraph at lines 26--26
 [][] 
 []

[1

{/usr/local/texlive/2008/texmf-var/fonts/map/pdftex/updmap/pdftex.map}]
[2]
LaTeX Font Info:    Try loading font information for OMS+cmr on input line 94.
 (/usr/local/texlive/2008/texmf-dist/tex/latex/base/omscmr.fd
File: omscmr.fd 1999/05/25 v2.5h Standard LaTeX font definitions
)
LaTeX Font Info:    Font shape `OMS/cmr/m/n' in size <10.95> not available
(Font)              Font shape `OMS/cmsy/m/n' tried instead on input line 94.

Overfull \hbox (2.14467pt too wide) in paragraph at lines 99--105
\OT1/cmr/m/n/10.95 (\OT1/cmtt/m/n/10.95 http://www.mpia.de/homes/dullemon/radtr
ans/radmc/\OT1/cmr/m/n/10.95 ) Note that you will only \OT1/cmr/m/it/10.95 need

 []


Underfull \hbox (badness 10000) in paragraph at lines 108--110

 []

[3]
Underfull \hbox (badness 10000) in paragraph at lines 166--169

 []


Underfull \hbox (badness 10000) in paragraph at lines 170--174

 []

[4] <RADLite_flowchart_2012.pdf, id=23, 605.39977pt x 694.89911pt>
File: RADLite_flowchart_2012.pdf Graphic file (type pdf)

<use RADLite_flowchart_2012.pdf> [5 <./RADLite_flowchart_2012.pdf>]
Overfull \hbox (10.2026pt too wide) in paragraph at lines 202--204
\OT1/cmr/m/n/10.95 The level pop-u-la-tions of the molecule are de-ter-mined an
d stored in the lev-elpop[]moldata.dat
 []


Overfull \hbox (10.98204pt too wide) in paragraph at lines 202--204
\OT1/cmr/m/n/10.95 files, with the meta data stored in lev-elpop.info. If non-L
TE has been se-lected, nlte[]main.pro
 []

[6] <CO_exampleline.pdf, id=44, 505.89pt x 361.35pt>
File: CO_exampleline.pdf Graphic file (type pdf)
 <use CO_exampleline.pdf>
[7 <./CO_exampleline.pdf>]
Underfull \hbox (badness 10000) in paragraph at lines 250--252

 []

[8]
Underfull \hbox (badness 10000) in paragraph at lines 293--295

 []


Underfull \hbox (badness 10000) in paragraph at lines 296--298

 []


Underfull \hbox (badness 10000) in paragraph at lines 299--300

 []


Underfull \hbox (badness 10000) in paragraph at lines 301--303

 []


Underfull \hbox (badness 10000) in paragraph at lines 304--311

 []


Underfull \hbox (badness 10000) in paragraph at lines 312--314

 []

<imcir_conv_ex1.pdf, id=55, 739.76375pt x 707.64375pt>
File: imcir_conv_ex1.pdf Graphic file (type pdf)

<use imcir_conv_ex1.pdf> <imcir_conv_ex2.pdf, id=56, 742.775pt x 704.6325pt>
File: imcir_conv_ex2.pdf Graphic file (type pdf)

<use imcir_conv_ex2.pdf> [9]
<imcir_conv_ex3.pdf, id=64, 726.715pt x 691.58376pt>
File: imcir_conv_ex3.pdf Graphic file (type pdf)
 <use imcir_conv_ex3.pdf>
<imcir_conv_ex4.pdf, id=65, 732.7375pt x 690.58pt>
File: imcir_conv_ex4.pdf Graphic file (type pdf)
 <use imcir_conv_ex4.pdf>
[10 <./imcir_conv_ex1.pdf> <./imcir_conv_ex2.pdf>] [11 <./imcir_conv_ex3.pdf> <
./imcir_conv_ex4.pdf>] (./radlite_manual.aux) ) 
Here is how much of TeX's memory you used:
 1694 strings out of 493876
 21269 string characters out of 1150567
 71749 words of memory out of 3000000
 4966 multiletter control sequences out of 10000+50000
 14243 words of font info for 55 fonts, out of 3000000 for 5000
 714 hyphenation exceptions out of 8191
 25i,8n,32p,654b,205s stack positions out of 5000i,500n,10000p,200000b,50000s
</usr/local/texlive/2008/texmf-d
ist/fonts/type1/bluesky/cm/cmbx10.pfb></usr/local/texlive/2008/texmf-dist/fonts
/type1/bluesky/cm/cmbx12.pfb></usr/local/texlive/2008/texmf-dist/fonts/type1/bl
uesky/cm/cmmi10.pfb></usr/local/texlive/2008/texmf-dist/fonts/type1/bluesky/cm/
cmr10.pfb></usr/local/texlive/2008/texmf-dist/fonts/type1/bluesky/cm/cmr12.pfb>
</usr/local/texlive/2008/texmf-dist/fonts/type1/bluesky/cm/cmr17.pfb></usr/loca
l/texlive/2008/texmf-dist/fonts/type1/bluesky/cm/cmr6.pfb></usr/local/texlive/2
008/texmf-dist/fonts/type1/bluesky/cm/cmr8.pfb></usr/local/texlive/2008/texmf-d
ist/fonts/type1/bluesky/cm/cmr9.pfb></usr/local/texlive/2008/texmf-dist/fonts/t
ype1/bluesky/cm/cmsy10.pfb></usr/local/texlive/2008/texmf-dist/fonts/type1/blue
sky/cm/cmsy8.pfb></usr/local/texlive/2008/texmf-dist/fonts/type1/bluesky/cm/cmt
i10.pfb></usr/local/texlive/2008/texmf-dist/fonts/type1/bluesky/cm/cmtt10.pfb><
/usr/local/texlive/2008/texmf-dist/fonts/type1/bluesky/cm/cmtt12.pfb>
Output written on radlite_manual.pdf (11 pages, 454602 bytes).
PDF statistics:
 148 PDF objects out of 1000 (max. 8388607)
 0 named destinations out of 1000 (max. 131072)
 31 words of extra memory for PDF output out of 10000 (max. 10000000)

