This is pdfeTeX, Version 3.141592-1.21a-2.2 (Web2C 7.5.4) (format=pdflatex 2006.12.11)  15 JUN 2010 14:59
entering extended mode
**radlite_manual
(./radlite_manual.tex
LaTeX2e <2003/12/01>
Babel <v3.8d> and hyphenation patterns for american, french, german, ngerman, b
ahasa, basque, bulgarian, catalan, croatian, czech, danish, dutch, esperanto, e
stonian, finnish, greek, icelandic, irish, italian, latin, magyar, norsk, polis
h, portuges, romanian, russian, serbian, slovak, slovene, spanish, swedish, tur
kish, ukrainian, nohyphenation, loaded.
(/sw/share/texmf-dist/tex/latex/base/article.cls
Document Class: article 2004/02/16 v1.4f Standard LaTeX document class
(/sw/share/texmf-dist/tex/latex/base/size11.clo
File: size11.clo 2004/02/16 v1.4f Standard LaTeX file (size option)
)
\c@part=\count79
\c@section=\count80
\c@subsection=\count81
\c@subsubsection=\count82
\c@paragraph=\count83
\c@subparagraph=\count84
\c@figure=\count85
\c@table=\count86
\abovecaptionskip=\skip41
\belowcaptionskip=\skip42
\bibindent=\dimen102
)
(/sw/share/texmf-dist/tex/latex/natbib/natbib.sty
Package: natbib 2003/06/06 7.1 (PWD)
\bibhang=\skip43
\bibsep=\skip44
LaTeX Info: Redefining \cite on input line 518.
\c@NAT@ctr=\count87
)
(/sw/share/texmf-dist/tex/latex/amsfonts/amssymb.sty
Package: amssymb 2002/01/22 v2.2d

(/sw/share/texmf-dist/tex/latex/amsfonts/amsfonts.sty
Package: amsfonts 2001/10/25 v2.2f
\@emptytoks=\toks14
\symAMSa=\mathgroup4
\symAMSb=\mathgroup5
LaTeX Font Info:    Overwriting math alphabet `\mathfrak' in version `bold'
(Font)                  U/euf/m/n --> U/euf/b/n on input line 132.
))
(/sw/share/texmf-dist/tex/latex/graphics/graphicx.sty
Package: graphicx 1999/02/16 v1.0f Enhanced LaTeX Graphics (DPC,SPQR)

(/sw/share/texmf-dist/tex/latex/graphics/keyval.sty
Package: keyval 1999/03/16 v1.13 key=value parser (DPC)
\KV@toks@=\toks15
)
(/sw/share/texmf-dist/tex/latex/graphics/graphics.sty
Package: graphics 2001/07/07 v1.0n Standard LaTeX Graphics (DPC,SPQR)

(/sw/share/texmf-dist/tex/latex/graphics/trig.sty
Package: trig 1999/03/16 v1.09 sin cos tan (DPC)
)
(/sw/share/texmf-dist/tex/latex/graphics/graphics.cfg
File: graphics.cfg 2005/02/03 v1.3 graphics configuration of teTeX/TeXLive
)
Package graphics Info: Driver file: pdftex.def on input line 80.

(/sw/share/texmf-dist/tex/latex/graphics/pdftex.def
File: pdftex.def 2002/06/19 v0.03k graphics/color for pdftex
\Gread@gobject=\count88
))
\Gin@req@height=\dimen103
\Gin@req@width=\dimen104
)
(/sw/share/texmf-dist/tex/generic/epsf/epsf.tex
This is `epsf.tex' v2.7k <10 July 1997>
\epsffilein=\read1
\epsfframemargin=\dimen105
\epsfframethickness=\dimen106
\epsfrsize=\dimen107
\epsftmp=\dimen108
\epsftsize=\dimen109
\epsfxsize=\dimen110
\epsfysize=\dimen111
\pspoints=\dimen112
\epsfnoopenhelp=\toks16
) (./bibspacing.sty
\bibindent=\dimen113
\bibspacing=\dimen114
) (./radlite_manual.aux)
\openout1 = `radlite_manual.aux'.

LaTeX Font Info:    Checking defaults for OML/cmm/m/it on input line 21.
LaTeX Font Info:    ... okay on input line 21.
LaTeX Font Info:    Checking defaults for T1/cmr/m/n on input line 21.
LaTeX Font Info:    ... okay on input line 21.
LaTeX Font Info:    Checking defaults for OT1/cmr/m/n on input line 21.
LaTeX Font Info:    ... okay on input line 21.
LaTeX Font Info:    Checking defaults for OMS/cmsy/m/n on input line 21.
LaTeX Font Info:    ... okay on input line 21.
LaTeX Font Info:    Checking defaults for OMX/cmex/m/n on input line 21.
LaTeX Font Info:    ... okay on input line 21.
LaTeX Font Info:    Checking defaults for U/cmr/m/n on input line 21.
LaTeX Font Info:    ... okay on input line 21.

(/sw/share/texmf-dist/tex/context/base/supp-pdf.tex
(/sw/share/texmf-dist/tex/context/base/supp-mis.tex
loading : Context Support Macros / Miscellaneous (2004.10.26)
\protectiondepth=\count89
\scratchcounter=\count90
\scratchtoks=\toks17
\scratchdimen=\dimen115
\scratchskip=\skip45
\scratchmuskip=\muskip10
\scratchbox=\box26
\scratchread=\read2
\scratchwrite=\write3
\zeropoint=\dimen116
\onepoint=\dimen117
\onebasepoint=\dimen118
\minusone=\count91
\thousandpoint=\dimen119
\onerealpoint=\dimen120
\emptytoks=\toks18
\nextbox=\box27
\nextdepth=\dimen121
\everyline=\toks19
\!!counta=\count92
\!!countb=\count93
\recursecounter=\count94
)
loading : Context Support Macros / PDF (2004.03.26)
\nofMPsegments=\count95
\nofMParguments=\count96
\MPscratchCnt=\count97
\MPscratchDim=\dimen122
\MPnumerator=\count98
\everyMPtoPDFconversion=\toks20
)
LaTeX Font Info:    Try loading font information for U+msa on input line 26.
 (/sw/share/texmf-dist/tex/latex/amsfonts/umsa.fd
File: umsa.fd 2002/01/19 v2.2g AMS font definitions
)
LaTeX Font Info:    Try loading font information for U+msb on input line 26.

(/sw/share/texmf-dist/tex/latex/amsfonts/umsb.fd
File: umsb.fd 2002/01/19 v2.2g AMS font definitions
) [1

{/sw/var/lib/texmf/fonts/map/pdftex/updmap/pdftex.map}] [2]
LaTeX Font Info:    Try loading font information for OMS+cmr on input line 94.
 (/sw/share/texmf-dist/tex/latex/base/omscmr.fd
File: omscmr.fd 1999/05/25 v2.5h Standard LaTeX font definitions
)
LaTeX Font Info:    Font shape `OMS/cmr/m/n' in size <10.95> not available
(Font)              Font shape `OMS/cmsy/m/n' tried instead on input line 94.

Overfull \hbox (2.14467pt too wide) in paragraph at lines 99--105
\OT1/cmr/m/n/10.95 (\OT1/cmtt/m/n/10.95 http://www.mpia.de/homes/dullemon/radtr
ans/radmc/\OT1/cmr/m/n/10.95 ) Note that you will only \OT1/cmr/m/it/10.95 need

 []


Underfull \hbox (badness 10000) in paragraph at lines 108--110

 []

[3]
Underfull \hbox (badness 10000) in paragraph at lines 165--168

 []


Underfull \hbox (badness 10000) in paragraph at lines 169--173

 []

[4] <CO_exampleline.pdf, id=41, 505.89pt x 361.35pt>
File: CO_exampleline.pdf Graphic file (type pdf)
 <use CO_exampleline.pdf>
Underfull \hbox (badness 10000) in paragraph at lines 201--203

 []

[5 <./CO_exampleline.pdf>] [6]
Underfull \hbox (badness 10000) in paragraph at lines 244--246

 []


Underfull \hbox (badness 10000) in paragraph at lines 247--249

 []


Underfull \hbox (badness 10000) in paragraph at lines 250--251

 []


Underfull \hbox (badness 10000) in paragraph at lines 252--254

 []


Underfull \hbox (badness 10000) in paragraph at lines 255--262

 []


Underfull \hbox (badness 10000) in paragraph at lines 263--265

 []

<imcir_conv_ex1.pdf, id=57, 739.76375pt x 707.64375pt>
File: imcir_conv_ex1.pdf Graphic file (type pdf)

<use imcir_conv_ex1.pdf> <imcir_conv_ex2.pdf, id=58, 742.775pt x 704.6325pt>
File: imcir_conv_ex2.pdf Graphic file (type pdf)

<use imcir_conv_ex2.pdf> <imcir_conv_ex3.pdf, id=59, 726.715pt x 691.58376pt>
File: imcir_conv_ex3.pdf Graphic file (type pdf)

<use imcir_conv_ex3.pdf> <imcir_conv_ex4.pdf, id=60, 732.7375pt x 690.58pt>
File: imcir_conv_ex4.pdf Graphic file (type pdf)

<use imcir_conv_ex4.pdf> [7] [8 <./imcir_conv_ex1.pdf> <./imcir_conv_ex2.pdf> <
./imcir_conv_ex3.pdf> <./imcir_conv_ex4.pdf>] [9] (./radlite_manual.aux) ) 
Here is how much of TeX's memory you used:
 1590 strings out of 94499
 19125 string characters out of 1176046
 66523 words of memory out of 1000000
 4756 multiletter control sequences out of 10000+50000
 14243 words of font info for 55 fonts, out of 1200000 for 2000
 580 hyphenation exceptions out of 8191
 25i,8n,32p,362b,245s stack positions out of 5000i,500n,6000p,200000b,5000s
PDF statistics:
 115 PDF objects out of 65536
 0 named destinations out of 20000
 26 words of extra memory for PDF output out of 65536
</sw/
share/texmf-dist/fonts/type1/bluesky/cm/cmr9.pfb></sw/share/texmf-dist/fonts/ty
pe1/bluesky/cm/cmr6.pfb></sw/share/texmf-dist/fonts/type1/bluesky/cm/cmsy8.pfb>
</sw/share/texmf-dist/fonts/type1/bluesky/cm/cmtt12.pfb></sw/share/texmf-dist/f
onts/type1/bluesky/cm/cmr8.pfb></sw/share/texmf-dist/fonts/type1/bluesky/cm/cmt
t10.pfb></sw/share/texmf-dist/fonts/type1/bluesky/cm/cmsy10.pfb></sw/share/texm
f-dist/fonts/type1/bluesky/cm/cmbx10.pfb></sw/share/texmf-dist/fonts/type1/blue
sky/cm/cmmi10.pfb></sw/share/texmf-dist/fonts/type1/bluesky/cm/cmti10.pfb></sw/
share/texmf-dist/fonts/type1/bluesky/cm/cmr10.pfb></sw/share/texmf-dist/fonts/t
ype1/bluesky/cm/cmbx12.pfb></sw/share/texmf-dist/fonts/type1/bluesky/cm/cmr12.p
fb></sw/share/texmf-dist/fonts/type1/bluesky/cm/cmr17.pfb>
Output written on radlite_manual.pdf (9 pages, 442253 bytes).
